QC passed for ./data/7039/processed/run-6/7039_PC_C.csv, generating plots...
DataFrame head:
   acc_sum  block_c  block_dur  ... time_test1  time_test2 trial
0        1        1        0.0  ...        NaN         NaN     1
1        2        1        0.0  ...        NaN         NaN     2
2        3        1        0.0  ...        NaN         NaN     3
3        4        1        0.0  ...        NaN         NaN     4
4        5        1        0.0  ...        NaN         NaN     5

[5 rows x 27 columns]
Filtered DataFrame (test):
    acc_sum  block_c  block_dur  ... time_test1  time_test2 trial
6         1        1      1.883  ...    54459.0         NaN     1
7         2        1      3.633  ...    56344.0         NaN     2
8         3        1      4.899  ...    58092.0         NaN     3
9         4        1      6.349  ...    59358.0         NaN     4
10        5        1      7.665  ...    60808.0         NaN     5
11        6        1      8.848  ...    62125.0         NaN     6
12        7        1     10.064  ...    63308.0         NaN     7
13        8        1     11.764  ...    64523.0         NaN     8
14        9        1     13.046  ...    66223.0         NaN     9
15       10        1     14.463  ...    67506.0         NaN    10
16       11        1     16.396  ...    68922.0         NaN    11
17       12        1     18.295  ...    70855.0         NaN    12
18       13        1     19.761  ...    72755.0         NaN    13
19       14        1     21.161  ...    74221.0         NaN    14
20       15        1     22.627  ...    75620.0         NaN    15
21       16        1     24.026  ...    77087.0         NaN    16
22       17        1     25.293  ...    78485.0         NaN    17
23       18        1     26.642  ...    79752.0         NaN    18
24       19        1     28.242  ...    81102.0         NaN    19
25       20        1     29.408  ...    82701.0         NaN    20
26       20        1     30.008  ...    83868.0         NaN    21
27        1        2      1.883  ...        NaN     86816.0     1
28        2        2      3.832  ...        NaN     88700.0     2
29        3        2      5.349  ...        NaN     90649.0     3
30        4        2      6.615  ...        NaN     92165.0     4
31        5        2      7.981  ...        NaN     93431.0     5
32        6        2      9.097  ...        NaN     94797.0     6
33        7        2     10.364  ...        NaN     95914.0     7
34        8        2     11.763  ...        NaN     97181.0     8
35        8        2     13.179  ...        NaN     98579.0     9
36        9        2     14.146  ...        NaN     99996.0    10
37       10        2     15.545  ...        NaN    100963.0    11
38       11        2     16.662  ...        NaN    102362.0    12
39       12        2     17.645  ...        NaN    103478.0    13
40       13        2     18.828  ...        NaN    104461.0    14
41       14        2     19.911  ...        NaN    105644.0    15
42       14        2     20.944  ...        NaN    106727.0    16
43       15        2     22.310  ...        NaN    107760.0    17
44       16        2     23.642  ...        NaN    109126.0    18
45       17        2     25.542  ...        NaN    110459.0    19
46       18        2     26.575  ...        NaN    112359.0    20
47       19        2     27.858  ...        NaN    113392.0    21
48       20        2     29.157  ...        NaN    114675.0    22
49       20        2     30.007  ...        NaN    115974.0    23

[44 rows x 27 columns]
block_c
1    0.952381
2    0.869565
Name: correct, dtype: float64
