QC passed for ./data/9002/processed/run-5/9002_PC_A.csv, generating plots...
DataFrame head:
   acc_sum  block_c  block_dur  ... time_test1  time_test2 trial
0        1        1        0.0  ...        NaN         NaN     1
1        2        1        0.0  ...        NaN         NaN     2
2        3        1        0.0  ...        NaN         NaN     3
3        4        1        0.0  ...        NaN         NaN     4
4        5        1        0.0  ...        NaN         NaN     5

[5 rows x 27 columns]
Filtered DataFrame (test):
    acc_sum  block_c  block_dur  ... time_test1  time_test2 trial
6         1        1      1.050  ...    86544.0         NaN     1
7         2        1      2.083  ...    87594.0         NaN     2
8         3        1      3.233  ...    88627.0         NaN     3
9         4        1      4.316  ...    89778.0         NaN     4
10        5        1      5.366  ...    90861.0         NaN     5
11        6        1      6.166  ...    91911.0         NaN     6
12        7        1      7.183  ...    92711.0         NaN     7
13        7        1      8.132  ...    93727.0         NaN     8
14        8        1      9.216  ...    94674.0         NaN     9
15        9        1     10.266  ...    95761.0         NaN    10
16       10        1     11.016  ...    96811.0         NaN    11
17       10        1     12.066  ...    97560.0         NaN    12
18       11        1     13.066  ...    98611.0         NaN    13
19       11        1     13.866  ...    99611.0         NaN    14
20       12        1     14.866  ...   100412.0         NaN    15
21       13        1     15.766  ...   101411.0         NaN    16
22       14        1     16.683  ...   102311.0         NaN    17
23       15        1     17.766  ...   103227.0         NaN    18
24       15        1     18.949  ...   104310.0         NaN    19
25       16        1     20.133  ...   105496.0         NaN    20
26       17        1     21.266  ...   106679.0         NaN    21
27       18        1     22.483  ...   107811.0         NaN    22
28       19        1     23.649  ...   109027.0         NaN    23
29       20        1     24.900  ...   110194.0         NaN    24
30       21        1     26.349  ...   111445.0         NaN    25
31       21        1     27.449  ...   112890.0         NaN    26
32       21        1     28.949  ...   113997.0         NaN    27
33       21        1     30.016  ...   115493.0         NaN    28
34        1        2      1.334  ...        NaN    122744.0     1
35        2        2      3.117  ...        NaN    124076.0     2
36        3        2      4.434  ...        NaN    125862.0     3
37        4        2      6.200  ...        NaN    127177.0     4
38        5        2      7.484  ...        NaN    128944.0     5
39        6        2      9.167  ...        NaN    130227.0     6
40        7        2     10.267  ...        NaN    131910.0     7
41        8        2     11.400  ...        NaN    133010.0     8
42        9        2     12.751  ...        NaN    134146.0     9
43        9        2     14.367  ...        NaN    135495.0    10
44       10        2     15.717  ...        NaN    137110.0    11
45       11        2     17.034  ...        NaN    138458.0    12
46       12        2     17.967  ...        NaN    139777.0    13
47       12        2     19.417  ...        NaN    140709.0    14
48       13        2     20.367  ...        NaN    142161.0    15
49       13        2     21.517  ...        NaN    143113.0    16
50       14        2     23.434  ...        NaN    144260.0    17
51       15        2     24.950  ...        NaN    146180.0    18
52       16        2     26.317  ...        NaN    147693.0    19
53       17        2     27.650  ...        NaN    149060.0    20
54       18        2     29.367  ...        NaN    150396.0    21
55       18        2     30.017  ...        NaN    152111.0    22

[50 rows x 27 columns]
block_c
1    0.750000
2    0.818182
Name: correct, dtype: float64
