QC passed for ./data/7001/processed/run-1/7001_PC_A.csv, generating plots...
DataFrame head:
   acc_sum  block_c  block_dur  ... time_test1  time_test2 trial
0        0        1        0.0  ...        NaN         NaN     1
1        1        1        0.0  ...        NaN         NaN     2
2        2        1        0.0  ...        NaN         NaN     3
3        3        1        0.0  ...        NaN         NaN     4
4        4        1        0.0  ...        NaN         NaN     5

[5 rows x 27 columns]
Filtered DataFrame (test):
    acc_sum  block_c  block_dur  ... time_test1  time_test2 trial
6         1        1      1.050  ...    58834.0         NaN     1
7         2        1      1.917  ...    59885.0         NaN     2
8         3        1      2.999  ...    60751.0         NaN     3
9         4        1      3.899  ...    61834.0         NaN     4
10        5        1      4.882  ...    62734.0         NaN     5
11        6        1      5.915  ...    63717.0         NaN     6
12        7        1      6.782  ...    64750.0         NaN     7
13        7        1      7.681  ...    65616.0         NaN     8
14        8        1      8.531  ...    66516.0         NaN     9
15        9        1      9.298  ...    67366.0         NaN    10
16       10        1     10.247  ...    68132.0         NaN    11
17       10        1     11.097  ...    69082.0         NaN    12
18       11        1     12.130  ...    69932.0         NaN    13
19       12        1     13.263  ...    70965.0         NaN    14
20       13        1     14.296  ...    72097.0         NaN    15
21       14        1     15.245  ...    73131.0         NaN    16
22       15        1     16.181  ...    74080.0         NaN    17
23       16        1     17.145  ...    75016.0         NaN    18
24       17        1     18.445  ...    75980.0         NaN    19
25       18        1     19.578  ...    77279.0         NaN    20
26       19        1     20.611  ...    78412.0         NaN    21
27       20        1     22.377  ...    79445.0         NaN    22
28       21        1     23.277  ...    81211.0         NaN    23
29       22        1     24.143  ...    82111.0         NaN    24
30       23        1     25.092  ...    82978.0         NaN    25
31       24        1     25.959  ...    83927.0         NaN    26
32       24        1     26.825  ...    84793.0         NaN    27
33       24        1     27.675  ...    85660.0         NaN    28
34       25        1     28.941  ...    86510.0         NaN    29
35       26        1     29.758  ...    87776.0         NaN    30
36        1        2      1.132  ...        NaN     94223.0     1
37        2        2      2.015  ...        NaN     95357.0     2
38        3        2      2.832  ...        NaN     96240.0     3
39        4        2      3.565  ...        NaN     97056.0     4
40        5        2      4.365  ...        NaN     97789.0     5
41        6        2      5.231  ...        NaN     98589.0     6
42        7        2      6.214  ...        NaN     99455.0     7
43        8        2      7.197  ...        NaN    100438.0     8
44        9        2      8.113  ...        NaN    101421.0     9
45       10        2      8.930  ...        NaN    102338.0    10
46       11        2      9.946  ...        NaN    103154.0    11
47       12        2     10.846  ...        NaN    104171.0    12
48       13        2     11.796  ...        NaN    105070.0    13
49       14        2     12.912  ...        NaN    106020.0    14
50       15        2     13.762  ...        NaN    107136.0    15
51       16        2     14.895  ...        NaN    107986.0    16
52       17        2     15.828  ...        NaN    109119.0    17
53       18        2     16.761  ...        NaN    110052.0    18
54       19        2     17.629  ...        NaN    110985.0    19
55       20        2     18.477  ...        NaN    111853.0    20
56       21        2     19.609  ...        NaN    112701.0    21
57       22        2     20.725  ...        NaN    113834.0    22
58       23        2     21.875  ...        NaN    114950.0    23
59       24        2     22.858  ...        NaN    116100.0    24
60       25        2     23.741  ...        NaN    117083.0    25
61       25        2     24.824  ...        NaN    117966.0    26
62       25        2     25.790  ...        NaN    119049.0    27
63       25        2     27.106  ...        NaN    120016.0    28
64       25        2     28.106  ...        NaN    121332.0    29
65       25        2     29.072  ...        NaN    122331.0    30

[60 rows x 27 columns]
block_c
1    0.866667
2    0.833333
Name: correct, dtype: float64
