QC passed for ./data/8002/processed/run-2/8002_PC_A.csv, generating plots...
DataFrame head:
   acc_sum  block_c  block_dur  ... time_test1  time_test2 trial
0        1        1        0.0  ...        NaN         NaN     1
1        2        1        0.0  ...        NaN         NaN     2
2        2        1        0.0  ...        NaN         NaN     3
3        3        1        0.0  ...        NaN         NaN     4
4        4        1        0.0  ...        NaN         NaN     5

[5 rows x 27 columns]
Filtered DataFrame (test):
    acc_sum  block_c  block_dur  ... time_test1  time_test2 trial
6         1        1      1.336  ...    63338.0         NaN     1
7         2        1      2.383  ...    64674.0         NaN     2
8         3        1      3.865  ...    65720.0         NaN     3
9         4        1      4.981  ...    67203.0         NaN     4
10        5        1      6.597  ...    68319.0         NaN     5
11        6        1      7.831  ...    69934.0         NaN     6
12        7        1      9.180  ...    71168.0         NaN     7
13        7        1     10.863  ...    72517.0         NaN     8
14        8        1     12.046  ...    74200.0         NaN     9
15        9        1     13.096  ...    75383.0         NaN    10
16       10        1     14.512  ...    76433.0         NaN    11
17       11        1     17.544  ...    77849.0         NaN    12
18       12        1     18.877  ...    80881.0         NaN    13
19       13        1     20.377  ...    82214.0         NaN    14
20       14        1     21.943  ...    83714.0         NaN    15
21       15        1     23.759  ...    85280.0         NaN    16
22       16        1     25.109  ...    87096.0         NaN    17
23       17        1     26.425  ...    88446.0         NaN    18
24       18        1     28.641  ...    89762.0         NaN    19
25       18        1     30.008  ...    91978.0         NaN    20
26        1        2      0.966  ...        NaN     98542.0     1
27        2        2      2.066  ...        NaN     99509.0     2
28        3        2      3.282  ...        NaN    100609.0     3
29        3        2      4.298  ...        NaN    101825.0     4
30        4        2      5.715  ...        NaN    102841.0     5
31        5        2      7.480  ...        NaN    104258.0     6
32        6        2      9.047  ...        NaN    106023.0     7
33        7        2     10.130  ...        NaN    107589.0     8
34        8        2     11.596  ...        NaN    108673.0     9
35        9        2     13.123  ...        NaN    110138.0    10
36       10        2     14.062  ...        NaN    111666.0    11
37       10        2     15.511  ...        NaN    112605.0    12
38       11        2     16.976  ...        NaN    114054.0    13
39       12        2     21.208  ...        NaN    115521.0    14
40       13        2     22.508  ...        NaN    119753.0    15
41       14        2     25.074  ...        NaN    121052.0    16
42       15        2     27.290  ...        NaN    123618.0    17
43       16        2     28.906  ...        NaN    125834.0    18
44       16        2     30.005  ...        NaN    127450.0    19

[39 rows x 27 columns]
block_c
1    0.900000
2    0.842105
Name: correct, dtype: float64
