QC passed for ./data/7029/processed/run-23/7029_PC_A.csv, generating plots...
DataFrame head:
   acc_sum  block_c  block_dur  ... time_test1  time_test2 trial
0        1        1        0.0  ...        NaN         NaN     1
1        2        1        0.0  ...        NaN         NaN     2
2        3        1        0.0  ...        NaN         NaN     3
3        4        1        0.0  ...        NaN         NaN     4
4        5        1        0.0  ...        NaN         NaN     5

[5 rows x 27 columns]
Filtered DataFrame (test):
    acc_sum  block_c  block_dur  ... time_test1  time_test2 trial
6         1        1      1.800  ...    70093.0         NaN     1
7         2        1      2.833  ...    71893.0         NaN     2
8         3        1      4.266  ...    72926.0         NaN     3
9         4        1      5.532  ...    74359.0         NaN     4
10        5        1      7.315  ...    75625.0         NaN     5
11        6        1      8.281  ...    77408.0         NaN     6
12        7        1      9.414  ...    78374.0         NaN     7
13        8        1     11.813  ...    79508.0         NaN     8
14        9        1     13.279  ...    81906.0         NaN     9
15       10        1     14.396  ...    83373.0         NaN    10
16       11        1     15.629  ...    84489.0         NaN    11
17       12        1     18.161  ...    85722.0         NaN    12
18       13        1     19.461  ...    88255.0         NaN    13
19       14        1     21.611  ...    89554.0         NaN    14
20       15        1     23.010  ...    91704.0         NaN    15
21       16        1     24.026  ...    93103.0         NaN    16
22       17        1     25.592  ...    94119.0         NaN    17
23       18        1     26.959  ...    95686.0         NaN    18
24       19        1     29.008  ...    97053.0         NaN    19
25       19        1     30.008  ...    99101.0         NaN    20
26        1        2      2.183  ...        NaN    107515.0     1
27        2        2      5.415  ...        NaN    109699.0     2
28        3        2      7.364  ...        NaN    112930.0     3
29        4        2      8.514  ...        NaN    114879.0     4
30        5        2     10.496  ...        NaN    116029.0     5
31        6        2     11.929  ...        NaN    118012.0     6
32        7        2     13.462  ...        NaN    119445.0     7
33        8        2     14.928  ...        NaN    120977.0     8
34        9        2     17.094  ...        NaN    122444.0     9
35       10        2     18.094  ...        NaN    124610.0    10
36       11        2     19.543  ...        NaN    125610.0    11
37       12        2     21.443  ...        NaN    127059.0    12
38       13        2     22.442  ...        NaN    128959.0    13
39       14        2     24.442  ...        NaN    129958.0    14
40       15        2     26.674  ...        NaN    131958.0    15
41       16        2     28.241  ...        NaN    134190.0    16
42       17        2     29.440  ...        NaN    135756.0    17
43       17        2     30.007  ...        NaN    136956.0    18

[38 rows x 27 columns]
block_c
1    0.950000
2    0.944444
Name: correct, dtype: float64
