QC passed for ./data/7004/processed/run-5/7004_PC_A.csv, generating plots...
DataFrame head:
   acc_sum  block_c  block_dur  ... time_test1  time_test2 trial
0        0        1        0.0  ...        NaN         NaN     1
1        1        1        0.0  ...        NaN         NaN     2
2        2        1        0.0  ...        NaN         NaN     3
3        3        1        0.0  ...        NaN         NaN     4
4        4        1        0.0  ...        NaN         NaN     5

[5 rows x 27 columns]
Filtered DataFrame (test):
    acc_sum  block_c  block_dur  ... time_test1  time_test2 trial
6         1        1      3.690  ...    61468.0         NaN     1
7         2        1      4.858  ...    65158.0         NaN     2
8         3        1      6.411  ...    66327.0         NaN     3
9         4        1      7.563  ...    67882.0         NaN     4
10        5        1      8.866  ...    69030.0         NaN     5
11        6        1      9.935  ...    70333.0         NaN     6
12        7        1     11.287  ...    71402.0         NaN     7
13        8        1     13.608  ...    72756.0         NaN     8
14        9        1     15.229  ...    75076.0         NaN     9
15       10        1     17.032  ...    76697.0         NaN    10
16       11        1     19.653  ...    78500.0         NaN    11
17       12        1     21.824  ...    81121.0         NaN    12
18       13        1     23.127  ...    83293.0         NaN    13
19       14        1     24.663  ...    84594.0         NaN    14
20       15        1     26.834  ...    86131.0         NaN    15
21       16        1     28.739  ...    88302.0         NaN    16
22       16        1     30.025  ...    90207.0         NaN    17
23        1        2      1.720  ...        NaN     95383.0     1
24        2        2      3.408  ...        NaN     97102.0     2
25        3        2      6.630  ...        NaN     98790.0     3
26        4        2      8.150  ...        NaN    102013.0     4
27        5        2     10.054  ...        NaN    103533.0     5
28        6        2     13.026  ...        NaN    105437.0     6
29        7        2     14.713  ...        NaN    108407.0     7
30        8        2     16.250  ...        NaN    110092.0     8
31        9        2     18.587  ...        NaN    111631.0     9
32       10        2     19.973  ...        NaN    113964.0    10
33       11        2     21.343  ...        NaN    115355.0    11
34       12        2     22.929  ...        NaN    116725.0    12
35       13        2     25.201  ...        NaN    118310.0    13
36       14        2     26.920  ...        NaN    120582.0    14
37       15        2     28.190  ...        NaN    122302.0    15
38       15        2     30.009  ...        NaN    123572.0    16

[33 rows x 27 columns]
block_c
1    0.941176
2    0.937500
Name: correct, dtype: float64
