QC passed for ./data/7019/processed/run-5/7019_PC_C.csv, generating plots...
DataFrame head:
   acc_sum  block_c  block_dur  ... time_test1  time_test2 trial
0        1        1        0.0  ...        NaN         NaN     1
1        2        1        0.0  ...        NaN         NaN     2
2        3        1        0.0  ...        NaN         NaN     3
3        4        1        0.0  ...        NaN         NaN     4
4        4        1        0.0  ...        NaN         NaN     5

[5 rows x 27 columns]
Filtered DataFrame (test):
    acc_sum  block_c  block_dur  ... time_test1  time_test2 trial
6         1        1      1.583  ...    65052.0         NaN     1
7         2        1      2.749  ...    66635.0         NaN     2
8         3        1      4.066  ...    67802.0         NaN     3
9         4        1      5.415  ...    69118.0         NaN     4
10        5        1      6.831  ...    70467.0         NaN     5
11        6        1      7.881  ...    71884.0         NaN     6
12        7        1      9.031  ...    72933.0         NaN     7
13        7        1     10.247  ...    74083.0         NaN     8
14        8        1     11.263  ...    75299.0         NaN     9
15        9        1     12.596  ...    76316.0         NaN    10
16       10        1     13.812  ...    77649.0         NaN    11
17       10        1     15.046  ...    78865.0         NaN    12
18       11        1     16.628  ...    80099.0         NaN    13
19       12        1     17.878  ...    81681.0         NaN    14
20       13        1     19.161  ...    82934.0         NaN    15
21       14        1     20.660  ...    84214.0         NaN    16
22       15        1     22.060  ...    85713.0         NaN    17
23       16        1     23.343  ...    87112.0         NaN    18
24       17        1     25.159  ...    88395.0         NaN    19
25       18        1     27.025  ...    90211.0         NaN    20
26       19        1     28.324  ...    92077.0         NaN    21
27       19        1     30.007  ...    93377.0         NaN    22
28        1        2      2.266  ...        NaN     96926.0     1
29        1        2      4.015  ...        NaN     99192.0     2
30        2        2      6.347  ...        NaN    100941.0     3
31        3        2      7.430  ...        NaN    103274.0     4
32        4        2      9.496  ...        NaN    104357.0     5
33        5        2     11.312  ...        NaN    106423.0     6
34        6        2     13.495  ...        NaN    108239.0     7
35        7        2     15.228  ...        NaN    110422.0     8
36        8        2     17.544  ...        NaN    112154.0     9
37        9        2     18.860  ...        NaN    114470.0    10
38       10        2     20.376  ...        NaN    115787.0    11
39       11        2     23.209  ...        NaN    117303.0    12
40       12        2     24.842  ...        NaN    120135.0    13
41       13        2     26.891  ...        NaN    121768.0    14
42       14        2     28.091  ...        NaN    123817.0    15
43       14        2     30.007  ...        NaN    125017.0    16

[38 rows x 27 columns]
block_c
1    0.863636
2    0.875000
Name: correct, dtype: float64
