QC passed for ./data/8000/processed/run-29/8000_PC_A.csv, generating plots...
DataFrame head:
   acc_sum  block_c  block_dur  ... time_test1  time_test2 trial
0        1        1        0.0  ...        NaN         NaN     1
1        1        1        0.0  ...        NaN         NaN     2
2        2        1        0.0  ...        NaN         NaN     3
3        3        1        0.0  ...        NaN         NaN     4
4        4        1        0.0  ...        NaN         NaN     5

[5 rows x 27 columns]
Filtered DataFrame (test):
    acc_sum  block_c  block_dur  ... time_test1  time_test2 trial
6         1        1      1.950  ...    80826.0         NaN     1
7         2        1      2.999  ...    82778.0         NaN     2
8         3        1      5.132  ...    83826.0         NaN     3
9         4        1      6.248  ...    85959.0         NaN     4
10        5        1      8.515  ...    87075.0         NaN     5
11        6        1      9.514  ...    89342.0         NaN     6
12        7        1     10.830  ...    90340.0         NaN     7
13        8        1     13.379  ...    91657.0         NaN     8
14        9        1     15.362  ...    94206.0         NaN     9
15       10        1     16.445  ...    96189.0         NaN    10
16       11        1     17.911  ...    97272.0         NaN    11
17       12        1     20.810  ...    98738.0         NaN    12
18       13        1     22.043  ...   101637.0         NaN    13
19       14        1     23.309  ...   102870.0         NaN    14
20       15        1     25.826  ...   104136.0         NaN    15
21       16        1     26.925  ...   106652.0         NaN    16
22       17        1     28.625  ...   107752.0         NaN    17
23       17        1     30.008  ...   109452.0         NaN    18
24        1        2      1.832  ...        NaN    114749.0     1
25        2        2      3.931  ...        NaN    116583.0     2
26        3        2      6.247  ...        NaN    118682.0     3
27        4        2      7.793  ...        NaN    120998.0     4
28        5        2      9.446  ...        NaN    122543.0     5
29        6        2     11.279  ...        NaN    124197.0     6
30        7        2     13.162  ...        NaN    126029.0     7
31        8        2     14.278  ...        NaN    127912.0     8
32        9        2     16.444  ...        NaN    129028.0     9
33       10        2     17.727  ...        NaN    131194.0    10
34       11        2     18.910  ...        NaN    132477.0    11
35       12        2     20.243  ...        NaN    133660.0    12
36       13        2     21.576  ...        NaN    134993.0    13
37       14        2     23.592  ...        NaN    136326.0    14
38       15        2     24.642  ...        NaN    138342.0    15
39       16        2     26.624  ...        NaN    139392.0    16
40       17        2     28.740  ...        NaN    141375.0    17
41       18        2     29.973  ...        NaN    143490.0    18
42       18        2     30.006  ...        NaN    144723.0    19

[37 rows x 27 columns]
block_c
1    0.944444
2    0.947368
Name: correct, dtype: float64
