QC passed for ./data/9004/processed/run-23/9004_PC_B.csv, generating plots...
DataFrame head:
   acc_sum  block_c  block_dur  ... time_test1  time_test2 trial
0        1        1        0.0  ...        NaN         NaN     1
1        2        1        0.0  ...        NaN         NaN     2
2        2        1        0.0  ...        NaN         NaN     3
3        3        1        0.0  ...        NaN         NaN     4
4        3        1        0.0  ...        NaN         NaN     5

[5 rows x 27 columns]
Filtered DataFrame (test):
    acc_sum  block_c  block_dur  ... time_test1  time_test2 trial
6         1        1      1.434  ...    85854.0         NaN     1
7         2        1      2.684  ...    87289.0         NaN     2
8         3        1      4.134  ...    88538.0         NaN     3
9         4        1      5.350  ...    89988.0         NaN     4
10        5        1      6.817  ...    91205.0         NaN     5
11        6        1      8.000  ...    92672.0         NaN     6
12        7        1      9.150  ...    93855.0         NaN     7
13        7        1     10.584  ...    95005.0         NaN     8
14        8        1     11.900  ...    96438.0         NaN     9
15        9        1     13.233  ...    97755.0         NaN    10
16       10        1     14.400  ...    99088.0         NaN    11
17       11        1     16.167  ...   100255.0         NaN    12
18       12        1     17.584  ...   102022.0         NaN    13
19       13        1     18.750  ...   103438.0         NaN    14
20       14        1     20.167  ...   104607.0         NaN    15
21       15        1     21.900  ...   106021.0         NaN    16
22       16        1     23.433  ...   107755.0         NaN    17
23       17        1     24.917  ...   109287.0         NaN    18
24       17        1     26.517  ...   110772.0         NaN    19
25       18        1     28.217  ...   112372.0         NaN    20
26       19        1     29.467  ...   114070.0         NaN    21
27       19        1     30.017  ...   115321.0         NaN    22
28        1        2      1.083  ...        NaN    125438.0     1
29        2        2      2.366  ...        NaN    126521.0     2
30        3        2      3.933  ...        NaN    127806.0     3
31        4        2      4.850  ...        NaN    129373.0     4
32        5        2      5.950  ...        NaN    130288.0     5
33        6        2      7.250  ...        NaN    131388.0     6
34        6        2      8.300  ...        NaN    132689.0     7
35        7        2      9.516  ...        NaN    133738.0     8
36        8        2     10.716  ...        NaN    134955.0     9
37        9        2     11.816  ...        NaN    136155.0    10
38       10        2     12.766  ...        NaN    137256.0    11
39       11        2     14.683  ...        NaN    138204.0    12
40       11        2     16.066  ...        NaN    140124.0    13
41       11        2     17.750  ...        NaN    141504.0    14
42       12        2     19.016  ...        NaN    143187.0    15
43       13        2     21.066  ...        NaN    144454.0    16
44       14        2     22.266  ...        NaN    146504.0    17
45       14        2     23.316  ...        NaN    147705.0    18
46       15        2     25.066  ...        NaN    148755.0    19
47       16        2     26.233  ...        NaN    150504.0    20
48       17        2     27.366  ...        NaN    151670.0    21
49       18        2     28.833  ...        NaN    152805.0    22
50       18        2     30.016  ...        NaN    154272.0    23

[45 rows x 27 columns]
block_c
1    0.863636
2    0.782609
Name: correct, dtype: float64
