QC passed for ./data/8008/processed/run-10/8008_PC_C.csv, generating plots...
DataFrame head:
   acc_sum  block_c  block_dur  ... time_test1  time_test2 trial
0        1        1        0.0  ...        NaN         NaN     1
1        2        1        0.0  ...        NaN         NaN     2
2        3        1        0.0  ...        NaN         NaN     3
3        4        1        0.0  ...        NaN         NaN     4
4        5        1        0.0  ...        NaN         NaN     5

[5 rows x 27 columns]
Filtered DataFrame (test):
    acc_sum  block_c  block_dur  ... time_test1  time_test2 trial
6         1        1      2.033  ...    71574.0         NaN     1
7         2        1      3.216  ...    73608.0         NaN     2
8         3        1      4.649  ...    74790.0         NaN     3
9         4        1      5.698  ...    76223.0         NaN     4
10        5        1      7.014  ...    77272.0         NaN     5
11        6        1      7.981  ...    78589.0         NaN     6
12        7        1      9.114  ...    79555.0         NaN     7
13        7        1     10.380  ...    80688.0         NaN     8
14        8        1     11.846  ...    81954.0         NaN     9
15        9        1     12.846  ...    83421.0         NaN    10
16       10        1     14.095  ...    84420.0         NaN    11
17       11        1     15.612  ...    85670.0         NaN    12
18       12        1     16.911  ...    87186.0         NaN    13
19       13        1     18.527  ...    88486.0         NaN    14
20       14        1     19.694  ...    90102.0         NaN    15
21       15        1     21.044  ...    91268.0         NaN    16
22       16        1     22.593  ...    92619.0         NaN    17
23       17        1     24.042  ...    94167.0         NaN    18
24       18        1     26.691  ...    95617.0         NaN    19
25       19        1     28.110  ...    98267.0         NaN    20
26       20        1     29.441  ...    99685.0         NaN    21
27       20        1     30.007  ...   101015.0         NaN    22
28        1        2      1.550  ...        NaN    103731.0     1
29        2        2      2.866  ...        NaN    105281.0     2
30        3        2      3.849  ...        NaN    106596.0     3
31        4        2      4.766  ...        NaN    107579.0     4
32        5        2      5.982  ...        NaN    108496.0     5
33        6        2      7.115  ...        NaN    109713.0     6
34        7        2      9.331  ...        NaN    110846.0     7
35        8        2     10.513  ...        NaN    113061.0     8
36        9        2     12.130  ...        NaN    114244.0     9
37       10        2     13.296  ...        NaN    115860.0    10
38       11        2     14.362  ...        NaN    117027.0    11
39       12        2     15.612  ...        NaN    118093.0    12
40       13        2     17.495  ...        NaN    119343.0    13
41       14        2     19.294  ...        NaN    121226.0    14
42       15        2     20.111  ...        NaN    123025.0    15
43       15        2     21.811  ...        NaN    123841.0    16
44       16        2     24.526  ...        NaN    125542.0    17
45       17        2     26.109  ...        NaN    128256.0    18
46       18        2     27.791  ...        NaN    129839.0    19
47       18        2     30.007  ...        NaN    131522.0    20

[42 rows x 27 columns]
block_c
1    0.909091
2    0.900000
Name: correct, dtype: float64
