QC passed for ./data/7026/processed/run-14/7026_PC_B.csv, generating plots...
DataFrame head:
   acc_sum  block_c  block_dur  ... time_test1  time_test2 trial
0        1        1        0.0  ...        NaN         NaN     1
1        2        1        0.0  ...        NaN         NaN     2
2        3        1        0.0  ...        NaN         NaN     3
3        4        1        0.0  ...        NaN         NaN     4
4        5        1        0.0  ...        NaN         NaN     5

[5 rows x 27 columns]
Filtered DataFrame (test):
    acc_sum  block_c  block_dur  ... time_test1  time_test2 trial
6         1        1      1.166  ...    59378.0         NaN     1
7         2        1      1.965  ...    60546.0         NaN     2
8         3        1      3.065  ...    61338.0         NaN     3
9         4        1      4.048  ...    62446.0         NaN     4
10        5        1      5.148  ...    63426.0         NaN     5
11        6        1      6.064  ...    64528.0         NaN     6
12        7        1      6.847  ...    65442.0         NaN     7
13        8        1      7.964  ...    66227.0         NaN     8
14        9        1      8.946  ...    67342.0         NaN     9
15       10        1      9.780  ...    68326.0         NaN    10
16       11        1     10.563  ...    69158.0         NaN    11
17       12        1     11.762  ...    69942.0         NaN    12
18       13        1     12.579  ...    71141.0         NaN    13
19       14        1     13.562  ...    71958.0         NaN    14
20       15        1     14.412  ...    72940.0         NaN    15
21       16        1     15.628  ...    73792.0         NaN    16
22       17        1     16.611  ...    75006.0         NaN    17
23       18        1     17.511  ...    75990.0         NaN    18
24       19        1     18.760  ...    76891.0         NaN    19
25       20        1     19.743  ...    78140.0         NaN    20
26       21        1     20.576  ...    79121.0         NaN    21
27       22        1     21.492  ...    79954.0         NaN    22
28       23        1     22.325  ...    80871.0         NaN    23
29       24        1     23.209  ...    81703.0         NaN    24
30       25        1     24.025  ...    82587.0         NaN    25
31       26        1     24.892  ...    83404.0         NaN    26
32       27        1     26.024  ...    84270.0         NaN    27
33       28        1     26.891  ...    85401.0         NaN    28
34       29        1     27.757  ...    86270.0         NaN    29
35       30        1     28.707  ...    87135.0         NaN    30
36        1        2      0.883  ...        NaN     91817.0     1
37        2        2      1.783  ...        NaN     92701.0     2
38        3        2      2.766  ...        NaN     93601.0     3
39        4        2      3.649  ...        NaN     94582.0     4
40        5        2      4.548  ...        NaN     95465.0     5
41        6        2      5.581  ...        NaN     96365.0     6
42        7        2      6.548  ...        NaN     97398.0     7
43        8        2      7.381  ...        NaN     98365.0     8
44        9        2      8.280  ...        NaN     99197.0     9
45       10        2      9.147  ...        NaN    100097.0    10
46       11        2     10.013  ...        NaN    100964.0    11
47       12        2     11.063  ...        NaN    101830.0    12
48       13        2     12.145  ...        NaN    102880.0    13
49       14        2     12.980  ...        NaN    103954.0    14
50       15        2     13.813  ...        NaN    104796.0    15
51       15        2     14.562  ...        NaN    105629.0    16
52       16        2     15.729  ...        NaN    106378.0    17
53       17        2     16.495  ...        NaN    107544.0    18
54       18        2     17.477  ...        NaN    108310.0    19
55       19        2     18.411  ...        NaN    109287.0    20
56       20        2     19.377  ...        NaN    110227.0    21
57       21        2     20.210  ...        NaN    111193.0    22
58       22        2     21.277  ...        NaN    112027.0    23
59       23        2     22.143  ...        NaN    113093.0    24
60       24        2     23.160  ...        NaN    113959.0    25
61       24        2     24.292  ...        NaN    114977.0    26
62       24        2     25.192  ...        NaN    116117.0    27
63       24        2     26.208  ...        NaN    117009.0    28
64       24        2     27.141  ...        NaN    118024.0    29
65       24        2     28.274  ...        NaN    118958.0    30

[60 rows x 27 columns]
block_c
1    1.0
2    0.8
Name: correct, dtype: float64
