QC passed for ./data/7031/processed/run-18/7031_PC_A.csv, generating plots...
DataFrame head:
   acc_sum  block_c  block_dur  ... time_test1  time_test2 trial
0        1        1        0.0  ...        NaN         NaN     1
1        2        1        0.0  ...        NaN         NaN     2
2        3        1        0.0  ...        NaN         NaN     3
3        4        1        0.0  ...        NaN         NaN     4
4        5        1        0.0  ...        NaN         NaN     5

[5 rows x 27 columns]
Filtered DataFrame (test):
    acc_sum  block_c  block_dur  ... time_test1  time_test2 trial
6         1        1      1.583  ...    59351.0         NaN     1
7         2        1      2.816  ...    60937.0         NaN     2
8         3        1      4.882  ...    62169.0         NaN     3
9         4        1      5.915  ...    64235.0         NaN     4
10        5        1      7.998  ...    65266.0         NaN     5
11        6        1      9.747  ...    67351.0         NaN     6
12        7        1     10.846  ...    69098.0         NaN     7
13        8        1     13.096  ...    70193.0         NaN     8
14        9        1     14.495  ...    72448.0         NaN     9
15       10        1     15.962  ...    73847.0         NaN    10
16       11        1     16.945  ...    75313.0         NaN    11
17       12        1     18.727  ...    76297.0         NaN    12
18       13        1     19.960  ...    78079.0         NaN    13
19       14        1     23.609  ...    79311.0         NaN    14
20       15        1     24.492  ...    82961.0         NaN    15
21       16        1     25.841  ...    83844.0         NaN    16
22       17        1     27.225  ...    85185.0         NaN    17
23       18        1     28.424  ...    86576.0         NaN    18
24       18        1     30.024  ...    87776.0         NaN    19
25        1        2      1.117  ...        NaN     93391.0     1
26        1        2      2.483  ...        NaN     94509.0     2
27        2        2      3.382  ...        NaN     95875.0     3
28        3        2      4.332  ...        NaN     96773.0     4
29        4        2      5.598  ...        NaN     97722.0     5
30        5        2      7.448  ...        NaN     98988.0     6
31        6        2      9.097  ...        NaN    100839.0     7
32        7        2     10.213  ...        NaN    102488.0     8
33        8        2     11.813  ...        NaN    103603.0     9
34        9        2     13.196  ...        NaN    105203.0    10
35       10        2     14.845  ...        NaN    106588.0    11
36       11        2     16.562  ...        NaN    108235.0    12
37       12        2     17.829  ...        NaN    109951.0    13
38       13        2     19.128  ...        NaN    111219.0    14
39       14        2     20.428  ...        NaN    112518.0    15
40       14        2     21.627  ...        NaN    113817.0    16
41       15        2     22.610  ...        NaN    115016.0    17
42       16        2     23.610  ...        NaN    115999.0    18
43       17        2     24.876  ...        NaN    116999.0    19
44       18        2     26.125  ...        NaN    118264.0    20
45       19        2     27.725  ...        NaN    119514.0    21
46       19        2     29.224  ...        NaN    121115.0    22
47       19        2     30.007  ...        NaN    122600.0    23

[42 rows x 27 columns]
block_c
1    0.947368
2    0.826087
Name: correct, dtype: float64
