QC passed for ./data/7034/processed/run-1/7034_PC_C.csv, generating plots...
DataFrame head:
   acc_sum  block_c  block_dur  ... time_test1  time_test2 trial
0        1        1        0.0  ...        NaN         NaN     1
1        2        1        0.0  ...        NaN         NaN     2
2        3        1        0.0  ...        NaN         NaN     3
3        4        1        0.0  ...        NaN         NaN     4
4        5        1        0.0  ...        NaN         NaN     5

[5 rows x 27 columns]
Filtered DataFrame (test):
    acc_sum  block_c  block_dur  ... time_test1  time_test2 trial
6         1        1      1.099  ...    88337.0         NaN     1
7         2        1      2.199  ...    89438.0         NaN     2
8         3        1      3.215  ...    90537.0         NaN     3
9         4        1      3.999  ...    91553.0         NaN     4
10        5        1      5.681  ...    92336.0         NaN     5
11        6        1      6.414  ...    94019.0         NaN     6
12        7        1      7.414  ...    94752.0         NaN     7
13        8        1      9.047  ...    95752.0         NaN     8
14        9        1     10.030  ...    97384.0         NaN     9
15       10        1     10.813  ...    98368.0         NaN    10
16       11        1     11.863  ...    99151.0         NaN    11
17       11        1     13.096  ...   100201.0         NaN    12
18       12        1     14.145  ...   101433.0         NaN    13
19       13        1     15.695  ...   102483.0         NaN    14
20       14        1     16.511  ...   104033.0         NaN    15
21       15        1     18.561  ...   104849.0         NaN    16
22       16        1     19.777  ...   106898.0         NaN    17
23       17        1     20.993  ...   108114.0         NaN    18
24       18        1     23.024  ...   109331.0         NaN    19
25       19        1     24.157  ...   111364.0         NaN    20
26       20        1     25.124  ...   112496.0         NaN    21
27       21        1     26.357  ...   113463.0         NaN    22
28       22        1     27.340  ...   114696.0         NaN    23
29       23        1     28.689  ...   115679.0         NaN    24
30       24        1     29.872  ...   117028.0         NaN    25
31       24        1     30.006  ...   118212.0         NaN    26
32        1        2      1.567  ...        NaN    128491.0     1
33        2        2      3.316  ...        NaN    130058.0     2
34        3        2      4.016  ...        NaN    131807.0     3
35        4        2      4.843  ...        NaN    132507.0     4
36        5        2      5.682  ...        NaN    133334.0     5
37        6        2      6.782  ...        NaN    134173.0     6
38        7        2      8.031  ...        NaN    135272.0     7
39        8        2      9.248  ...        NaN    136523.0     8
40        9        2     10.181  ...        NaN    137739.0     9
41       10        2     11.280  ...        NaN    138672.0    10
42       11        2     12.097  ...        NaN    139771.0    11
43       12        2     13.113  ...        NaN    140588.0    12
44       13        2     14.129  ...        NaN    141604.0    13
45       14        2     15.179  ...        NaN    142620.0    14
46       15        2     16.029  ...        NaN    143670.0    15
47       15        2     16.829  ...        NaN    144520.0    16
48       16        2     17.695  ...        NaN    145320.0    17
49       17        2     18.512  ...        NaN    146186.0    18
50       18        2     19.444  ...        NaN    147002.0    19
51       19        2     20.411  ...        NaN    147936.0    20
52       20        2     22.194  ...        NaN    148902.0    21
53       21        2     23.443  ...        NaN    150685.0    22
54       22        2     25.109  ...        NaN    151934.0    23
55       23        2     26.392  ...        NaN    153601.0    24
56       24        2     27.692  ...        NaN    154883.0    25
57       25        2     29.458  ...        NaN    156183.0    26
58       25        2     30.008  ...        NaN    157949.0    27

[53 rows x 27 columns]
block_c
1    0.923077
2    0.925926
Name: correct, dtype: float64
