QC passed for ./data/7018/processed/run-2/7018_PC_B.csv, generating plots...
DataFrame head:
   acc_sum  block_c  block_dur  ... time_test1  time_test2 trial
0        1        1        0.0  ...        NaN         NaN     1
1        2        1        0.0  ...        NaN         NaN     2
2        3        1        0.0  ...        NaN         NaN     3
3        4        1        0.0  ...        NaN         NaN     4
4        5        1        0.0  ...        NaN         NaN     5

[5 rows x 27 columns]
Filtered DataFrame (test):
    acc_sum  block_c  block_dur  ... time_test1  time_test2 trial
6         1        1      4.815  ...    61248.0         NaN     1
7         2        1      6.398  ...    66062.0         NaN     2
8         2        1      8.564  ...    67645.0         NaN     3
9         3        1     10.280  ...    69811.0         NaN     4
10        4        1     11.729  ...    71527.0         NaN     5
11        5        1     12.995  ...    72977.0         NaN     6
12        6        1     14.378  ...    74243.0         NaN     7
13        7        1     16.411  ...    75626.0         NaN     8
14        8        1     17.944  ...    77658.0         NaN     9
15        9        1     19.394  ...    79191.0         NaN    10
16       10        1     21.160  ...    80641.0         NaN    11
17       11        1     23.142  ...    82407.0         NaN    12
18       12        1     24.742  ...    84390.0         NaN    13
19       13        1     26.591  ...    85989.0         NaN    14
20       14        1     28.224  ...    87838.0         NaN    15
21       14        1     30.007  ...    89472.0         NaN    16
22        1        2      2.249  ...        NaN     99068.0     1
23        1        2      4.382  ...        NaN    101318.0     2
24        2        2      5.798  ...        NaN    103450.0     3
25        3        2      7.281  ...        NaN    104866.0     4
26        4        2      9.397  ...        NaN    106349.0     5
27        5        2     11.146  ...        NaN    108465.0     6
28        6        2     12.480  ...        NaN    110215.0     7
29        7        2     13.812  ...        NaN    111548.0     8
30        8        2     15.578  ...        NaN    112880.0     9
31        9        2     17.028  ...        NaN    114646.0    10
32       10        2     18.195  ...        NaN    116096.0    11
33       11        2     19.494  ...        NaN    117263.0    12
34       12        2     20.677  ...        NaN    118562.0    13
35       13        2     22.010  ...        NaN    119745.0    14
36       14        2     23.293  ...        NaN    121078.0    15
37       15        2     25.042  ...        NaN    122361.0    16
38       16        2     26.309  ...        NaN    124110.0    17
39       17        2     27.908  ...        NaN    125378.0    18
40       18        2     29.624  ...        NaN    126976.0    19
41       18        2     30.007  ...        NaN    128692.0    20

[36 rows x 27 columns]
block_c
1    0.875
2    0.900
Name: correct, dtype: float64
