QC passed for ./data/7033/processed/run-25/7033_PC_C.csv, generating plots...
DataFrame head:
   acc_sum  block_c  block_dur  ... time_test1  time_test2 trial
0        1        1        0.0  ...        NaN         NaN     1
1        2        1        0.0  ...        NaN         NaN     2
2        3        1        0.0  ...        NaN         NaN     3
3        4        1        0.0  ...        NaN         NaN     4
4        4        1        0.0  ...        NaN         NaN     5

[5 rows x 27 columns]
Filtered DataFrame (test):
    acc_sum  block_c  block_dur  ... time_test1  time_test2 trial
6         1        1      1.998  ...    86570.0         NaN     1
7         2        1      3.482  ...    88558.0         NaN     2
8         3        1      6.647  ...    90054.0         NaN     3
9         4        1      7.897  ...    93219.0         NaN     4
10        5        1      9.113  ...    94467.0         NaN     5
11        6        1     10.346  ...    95684.0         NaN     6
12        7        1     11.495  ...    96917.0         NaN     7
13        8        1     13.595  ...    98066.0         NaN     8
14        9        1     14.778  ...   100166.0         NaN     9
15       10        1     16.010  ...   101352.0         NaN    10
16       11        1     17.194  ...   102576.0         NaN    11
17       12        1     20.442  ...   103765.0         NaN    12
18       13        1     22.026  ...   107002.0         NaN    13
19       14        1     23.492  ...   108596.0         NaN    14
20       15        1     24.725  ...   110062.0         NaN    15
21       16        1     26.375  ...   111295.0         NaN    16
22       17        1     29.374  ...   112944.0         NaN    17
23       17        1     30.024  ...   115944.0         NaN    18
24        1        2      1.882  ...        NaN    122180.0     1
25        2        2      3.132  ...        NaN    124065.0     2
26        3        2      4.631  ...        NaN    125313.0     3
27        4        2      5.998  ...        NaN    126812.0     4
28        5        2      7.398  ...        NaN    128185.0     5
29        6        2      9.531  ...        NaN    129589.0     6
30        7        2     10.997  ...        NaN    131722.0     7
31        8        2     12.130  ...        NaN    133189.0     8
32        9        2     13.846  ...        NaN    134320.0     9
33       10        2     15.196  ...        NaN    136036.0    10
34       11        2     16.262  ...        NaN    137386.0    11
35       12        2     17.527  ...        NaN    138453.0    12
36       13        2     18.861  ...        NaN    139707.0    13
37       14        2     20.528  ...        NaN    141052.0    14
38       15        2     21.860  ...        NaN    142718.0    15
39       16        2     24.209  ...        NaN    144051.0    16
40       17        2     26.209  ...        NaN    146399.0    17
41       18        2     27.575  ...        NaN    148399.0    18
42       19        2     29.074  ...        NaN    149765.0    19
43       19        2     30.024  ...        NaN    151264.0    20

[38 rows x 27 columns]
block_c
1    0.944444
2    0.950000
Name: correct, dtype: float64
