QC passed for ./data/7028/processed/run-1/7028_PC_B.csv, generating plots...
DataFrame head:
   acc_sum  block_c  block_dur  ... time_test1  time_test2 trial
0        1        1        0.0  ...        NaN         NaN     1
1        2        1        0.0  ...        NaN         NaN     2
2        3        1        0.0  ...        NaN         NaN     3
3        4        1        0.0  ...        NaN         NaN     4
4        5        1        0.0  ...        NaN         NaN     5

[5 rows x 27 columns]
Filtered DataFrame (test):
    acc_sum  block_c  block_dur  ... time_test1  time_test2 trial
6         1        1      2.211  ...    61117.0         NaN     1
7         2        1      3.766  ...    63329.0         NaN     2
8         3        1      5.482  ...    64883.0         NaN     3
9         4        1      6.498  ...    66599.0         NaN     4
10        5        1      7.897  ...    67615.0         NaN     5
11        6        1      8.947  ...    69015.0         NaN     6
12        7        1      9.897  ...    70064.0         NaN     7
13        7        1     11.363  ...    71014.0         NaN     8
14        8        1     12.929  ...    72480.0         NaN     9
15        9        1     13.963  ...    74047.0         NaN    10
16       10        1     15.745  ...    75080.0         NaN    11
17       11        1     17.528  ...    76862.0         NaN    12
18       12        1     18.844  ...    78645.0         NaN    13
19       13        1     20.293  ...    79962.0         NaN    14
20       14        1     21.893  ...    81411.0         NaN    15
21       15        1     22.926  ...    83011.0         NaN    16
22       16        1     24.876  ...    84043.0         NaN    17
23       17        1     26.158  ...    85993.0         NaN    18
24       18        1     27.741  ...    87275.0         NaN    19
25       19        1     29.224  ...    88858.0         NaN    20
26       19        1     30.007  ...    90341.0         NaN    21
27        1        2      1.367  ...        NaN     94939.0     1
28        2        2      2.949  ...        NaN     96308.0     2
29        3        2      4.065  ...        NaN     97889.0     3
30        4        2      5.098  ...        NaN     99005.0     4
31        5        2      6.197  ...        NaN    100038.0     5
32        6        2      8.297  ...        NaN    101137.0     6
33        7        2      9.747  ...        NaN    103237.0     7
34        8        2     10.680  ...        NaN    104687.0     8
35        9        2     11.929  ...        NaN    105620.0     9
36       10        2     12.712  ...        NaN    106869.0    10
37       11        2     13.812  ...        NaN    107652.0    11
38       12        2     15.527  ...        NaN    108752.0    12
39       13        2     16.993  ...        NaN    110468.0    13
40       14        2     19.309  ...        NaN    111935.0    14
41       15        2     20.725  ...        NaN    114251.0    15
42       15        2     23.058  ...        NaN    115666.0    16
43       16        2     24.541  ...        NaN    117999.0    17
44       17        2     25.291  ...        NaN    119483.0    18
45       18        2     26.124  ...        NaN    120232.0    19
46       19        2     27.041  ...        NaN    121065.0    20
47       20        2     28.091  ...        NaN    121982.0    21
48       20        2     28.873  ...        NaN    123032.0    22
49       20        2     30.006  ...        NaN    123814.0    23

[44 rows x 27 columns]
block_c
1    0.904762
2    0.869565
Name: correct, dtype: float64
