QC passed for ./data/12/processed/run-1/12_PC_A.csv, generating plots...
DataFrame head:
   acc_sum  block_c  block_dur  ... time_test1  time_test2 trial
0        1        1        0.0  ...        NaN         NaN     1
1        2        1        0.0  ...        NaN         NaN     2
2        3        1        0.0  ...        NaN         NaN     3
3        4        1        0.0  ...        NaN         NaN     4
4        5        1        0.0  ...        NaN         NaN     5

[5 rows x 27 columns]
Filtered DataFrame (test):
    acc_sum  block_c  block_dur  ... time_test1  time_test2 trial
6         1        1      2.300  ...    49956.0         NaN     1
7         2        1      3.350  ...    52257.0         NaN     2
8         3        1      5.250  ...    53307.0         NaN     3
9         4        1      7.133  ...    55213.0         NaN     4
10        5        1      8.900  ...    57090.0         NaN     5
11        6        1     10.284  ...    58856.0         NaN     6
12        7        1     11.667  ...    60240.0         NaN     7
13        8        1     14.500  ...    61623.0         NaN     8
14        9        1     16.084  ...    64456.0         NaN     9
15       10        1     17.384  ...    66040.0         NaN    10
16       11        1     18.900  ...    67339.0         NaN    11
17       12        1     20.100  ...    68855.0         NaN    12
18       13        1     21.300  ...    70056.0         NaN    13
19       14        1     22.400  ...    71255.0         NaN    14
20       15        1     23.400  ...    72357.0         NaN    15
21       16        1     24.867  ...    73356.0         NaN    16
22       17        1     26.050  ...    74823.0         NaN    17
23       18        1     26.900  ...    76006.0         NaN    18
24       19        1     28.284  ...    76856.0         NaN    19
25       20        1     29.450  ...    78242.0         NaN    20
26       20        1     30.019  ...    79406.0         NaN    21
27        1        2      1.051  ...        NaN     83836.0     1
28        2        2      2.218  ...        NaN     84896.0     2
29        3        2      3.367  ...        NaN     86056.0     3
30        4        2      4.384  ...        NaN     87206.0     4
31        5        2      5.367  ...        NaN     88223.0     5
32        6        2      6.634  ...        NaN     89202.0     6
33        7        2      7.851  ...        NaN     90473.0     7
34        8        2      9.767  ...        NaN     91689.0     8
35        9        2     28.967  ...        NaN     93606.0     9
36        9        2     30.017  ...        NaN    112807.0    10

[31 rows x 27 columns]
block_c
1    0.952381
2    0.900000
Name: correct, dtype: float64
