QC passed for ./data/8006/processed/run-2/8006_PC_B.csv, generating plots...
DataFrame head:
   acc_sum  block_c  block_dur  ... time_test1  time_test2 trial
0        1        1        0.0  ...        NaN         NaN     1
1        2        1        0.0  ...        NaN         NaN     2
2        3        1        0.0  ...        NaN         NaN     3
3        4        1        0.0  ...        NaN         NaN     4
4        5        1        0.0  ...        NaN         NaN     5

[5 rows x 27 columns]
Filtered DataFrame (test):
    acc_sum  block_c  block_dur  ... time_test1  time_test2 trial
6         1        1      3.533  ...    65792.0         NaN     1
7         2        1      4.766  ...    69325.0         NaN     2
8         3        1      6.348  ...    70558.0         NaN     3
9         4        1      7.331  ...    72141.0         NaN     4
10        5        1      8.298  ...    73123.0         NaN     5
11        6        1      9.298  ...    74090.0         NaN     6
12        7        1     10.281  ...    75090.0         NaN     7
13        8        1     12.363  ...    76074.0         NaN     8
14        9        1     13.646  ...    78156.0         NaN     9
15       10        1     14.646  ...    79438.0         NaN    10
16       11        1     15.629  ...    80438.0         NaN    11
17       12        1     16.828  ...    81421.0         NaN    12
18       13        1     17.795  ...    82621.0         NaN    13
19       14        1     18.961  ...    83587.0         NaN    14
20       15        1     20.844  ...    84754.0         NaN    15
21       16        1     21.793  ...    86637.0         NaN    16
22       17        1     23.376  ...    87586.0         NaN    17
23       18        1     24.376  ...    89169.0         NaN    18
24       19        1     25.942  ...    90169.0         NaN    19
25       20        1     27.042  ...    91735.0         NaN    20
26       21        1     28.025  ...    92834.0         NaN    21
27       22        1     29.541  ...    93818.0         NaN    22
28       22        1     30.008  ...    95334.0         NaN    23
29        1        2      1.950  ...        NaN    100148.0     1
30        2        2      3.399  ...        NaN    102099.0     2
31        3        2      4.666  ...        NaN    103548.0     3
32        4        2      6.598  ...        NaN    104813.0     4
33        5        2      8.632  ...        NaN    106746.0     5
34        6        2     10.014  ...        NaN    108780.0     6
35        7        2     11.046  ...        NaN    110162.0     7
36        8        2     12.129  ...        NaN    111195.0     8
37        9        2     13.879  ...        NaN    112278.0     9
38       10        2     14.895  ...        NaN    114027.0    10
39       11        2     16.011  ...        NaN    115044.0    11
40       12        2     17.278  ...        NaN    116160.0    12
41       13        2     18.444  ...        NaN    117427.0    13
42       14        2     19.544  ...        NaN    118593.0    14
43       15        2     20.444  ...        NaN    119693.0    15
44       15        2     21.477  ...        NaN    120592.0    16
45       16        2     23.042  ...        NaN    121626.0    17
46       17        2     24.026  ...        NaN    123191.0    18
47       18        2     25.109  ...        NaN    124174.0    19
48       19        2     26.142  ...        NaN    125257.0    20
49       20        2     27.425  ...        NaN    126290.0    21
50       21        2     28.424  ...        NaN    127573.0    22
51       21        2     30.007  ...        NaN    128573.0    23

[46 rows x 27 columns]
block_c
1    0.956522
2    0.913043
Name: correct, dtype: float64
