QC passed for ./data/7027/processed/run-2/7027_PC_A.csv, generating plots...
DataFrame head:
   acc_sum  block_c  block_dur  ... time_test1  time_test2 trial
0        1        1        0.0  ...        NaN         NaN     1
1        2        1        0.0  ...        NaN         NaN     2
2        3        1        0.0  ...        NaN         NaN     3
3        4        1        0.0  ...        NaN         NaN     4
4        5        1        0.0  ...        NaN         NaN     5

[5 rows x 27 columns]
Filtered DataFrame (test):
    acc_sum  block_c  block_dur  ... time_test1  time_test2 trial
6         1        1      2.732  ...    63970.0         NaN     1
7         2        1      3.949  ...    66705.0         NaN     2
8         3        1      5.698  ...    67919.0         NaN     3
9         4        1      6.831  ...    69669.0         NaN     4
10        5        1      8.764  ...    70801.0         NaN     5
11        6        1     10.446  ...    72736.0         NaN     6
12        7        1     11.629  ...    74417.0         NaN     7
13        8        1     13.129  ...    75601.0         NaN     8
14        9        1     14.478  ...    77100.0         NaN     9
15       10        1     15.694  ...    78450.0         NaN    10
16       11        1     17.560  ...    79665.0         NaN    11
17       12        1     19.526  ...    81531.0         NaN    12
18       13        1     21.392  ...    83497.0         NaN    13
19       14        1     23.525  ...    85365.0         NaN    14
20       15        1     24.541  ...    87495.0         NaN    15
21       16        1     25.841  ...    88512.0         NaN    16
22       17        1     27.624  ...    89811.0         NaN    17
23       18        1     28.756  ...    91594.0         NaN    18
24       18        1     30.023  ...    92728.0         NaN    19
25        1        2      1.650  ...        NaN    100825.0     1
26        2        2      2.883  ...        NaN    102476.0     2
27        3        2      3.966  ...        NaN    103707.0     3
28        4        2      4.982  ...        NaN    104791.0     4
29        5        2      6.031  ...        NaN    105806.0     5
30        6        2      7.031  ...        NaN    106855.0     6
31        7        2      8.081  ...        NaN    107855.0     7
32        8        2      9.364  ...        NaN    108905.0     8
33        9        2     10.846  ...        NaN    110188.0     9
34       10        2     11.997  ...        NaN    111670.0    10
35       11        2     13.113  ...        NaN    112821.0    11
36       11        2     14.213  ...        NaN    113938.0    12
37       12        2     15.246  ...        NaN    115036.0    13
38       12        2     16.412  ...        NaN    116069.0    14
39       13        2     17.811  ...        NaN    117256.0    15
40       14        2     19.011  ...        NaN    118637.0    16
41       15        2     20.177  ...        NaN    119834.0    17
42       16        2     21.377  ...        NaN    121000.0    18
43       17        2     22.827  ...        NaN    122200.0    19
44       18        2     24.127  ...        NaN    123649.0    20
45       19        2     25.692  ...        NaN    124950.0    21
46       20        2     26.709  ...        NaN    126516.0    22
47       21        2     28.391  ...        NaN    127532.0    23
48       22        2     29.424  ...        NaN    129215.0    24
49       22        2     30.024  ...        NaN    130248.0    25

[44 rows x 27 columns]
block_c
1    0.947368
2    0.880000
Name: correct, dtype: float64
