QC passed for ./data/8005/processed/run-2/8005_PC_A.csv, generating plots...
DataFrame head:
   acc_sum  block_c  block_dur  ... time_test1  time_test2 trial
0        1        1        0.0  ...        NaN         NaN     1
1        2        1        0.0  ...        NaN         NaN     2
2        3        1        0.0  ...        NaN         NaN     3
3        4        1        0.0  ...        NaN         NaN     4
4        5        1        0.0  ...        NaN         NaN     5

[5 rows x 27 columns]
Filtered DataFrame (test):
    acc_sum  block_c  block_dur  ... time_test1  time_test2 trial
6         1        1      1.450  ...    78028.0         NaN     1
7         2        1      2.249  ...    79481.0         NaN     2
8         3        1      4.248  ...    80278.0         NaN     3
9         4        1      5.081  ...    82277.0         NaN     4
10        5        1      6.298  ...    83110.0         NaN     5
11        6        1      7.364  ...    84327.0         NaN     6
12        7        1      8.231  ...    85393.0         NaN     7
13        7        1      9.331  ...    86260.0         NaN     8
14        8        1     10.113  ...    87360.0         NaN     9
15        9        1     10.913  ...    88142.0         NaN    10
16       10        1     11.746  ...    88942.0         NaN    11
17       11        1     12.964  ...    89776.0         NaN    12
18       12        1     13.912  ...    90993.0         NaN    13
19       13        1     15.028  ...    91941.0         NaN    14
20       14        1     15.911  ...    93057.0         NaN    15
21       15        1     16.794  ...    93940.0         NaN    16
22       16        1     18.311  ...    94823.0         NaN    17
23       17        1     19.160  ...    96340.0         NaN    18
24       17        1     20.610  ...    97190.0         NaN    19
25       18        1     22.593  ...    98639.0         NaN    20
26       19        1     23.559  ...   100622.0         NaN    21
27       20        1     25.042  ...   101587.0         NaN    22
28       21        1     25.875  ...   103071.0         NaN    23
29       22        1     27.874  ...   103904.0         NaN    24
30       23        1     28.874  ...   105903.0         NaN    25
31       24        1     29.624  ...   106903.0         NaN    26
32       24        1     30.007  ...   107652.0         NaN    27
33        1        2      0.933  ...        NaN    114517.0     1
34        1        2      2.882  ...        NaN    115450.0     2
35        2        2      4.315  ...        NaN    117399.0     3
36        3        2      5.065  ...        NaN    118832.0     4
37        4        2      6.565  ...        NaN    119582.0     5
38        5        2      8.897  ...        NaN    121082.0     6
39        6        2     10.430  ...        NaN    123414.0     7
40        6        2     11.363  ...        NaN    124948.0     8
41        7        2     13.146  ...        NaN    125880.0     9
42        8        2     14.129  ...        NaN    127663.0    10
43        9        2     15.045  ...        NaN    128646.0    11
44       10        2     17.011  ...        NaN    129562.0    12
45       11        2     18.294  ...        NaN    131528.0    13
46       12        2     19.344  ...        NaN    132811.0    14
47       13        2     20.060  ...        NaN    133861.0    15
48       14        2     21.293  ...        NaN    134577.0    16
49       15        2     22.376  ...        NaN    135810.0    17
50       16        2     23.326  ...        NaN    136893.0    18
51       17        2     24.309  ...        NaN    137843.0    19
52       18        2     25.492  ...        NaN    138826.0    20
53       19        2     27.026  ...        NaN    140009.0    21
54       20        2     27.975  ...        NaN    141543.0    22
55       21        2     29.424  ...        NaN    142492.0    23
56       21        2     30.007  ...        NaN    143941.0    24

[51 rows x 27 columns]
block_c
1    0.888889
2    0.875000
Name: correct, dtype: float64
