QC passed for ./data/8011/processed/run-6/8011_PC_B.csv, generating plots...
DataFrame head:
   acc_sum  block_c  block_dur  ... time_test1  time_test2 trial
0        1        1        0.0  ...        NaN         NaN     1
1        2        1        0.0  ...        NaN         NaN     2
2        3        1        0.0  ...        NaN         NaN     3
3        4        1        0.0  ...        NaN         NaN     4
4        5        1        0.0  ...        NaN         NaN     5

[5 rows x 27 columns]
Filtered DataFrame (test):
    acc_sum  block_c  block_dur  ... time_test1  time_test2 trial
6         1        1      2.116  ...    65767.0         NaN     1
7         2        1      3.199  ...    67884.0         NaN     2
8         3        1      4.315  ...    68967.0         NaN     3
9         4        1      5.348  ...    70083.0         NaN     4
10        5        1      6.481  ...    71116.0         NaN     5
11        6        1      7.464  ...    72249.0         NaN     6
12        7        1      8.414  ...    73232.0         NaN     7
13        7        1      9.930  ...    74181.0         NaN     8
14        8        1     11.346  ...    75698.0         NaN     9
15        9        1     12.446  ...    77114.0         NaN    10
16       10        1     13.462  ...    78213.0         NaN    11
17       10        1     14.479  ...    79230.0         NaN    12
18       11        1     15.495  ...    80246.0         NaN    13
19       12        1     16.778  ...    81263.0         NaN    14
20       13        1     17.811  ...    82545.0         NaN    15
21       14        1     18.911  ...    83579.0         NaN    16
22       15        1     20.060  ...    84678.0         NaN    17
23       16        1     21.227  ...    85828.0         NaN    18
24       16        1     22.276  ...    86994.0         NaN    19
25       17        1     23.393  ...    88043.0         NaN    20
26       18        1     24.393  ...    89160.0         NaN    21
27       19        1     25.442  ...    90162.0         NaN    22
28       20        1     26.442  ...    91210.0         NaN    23
29       21        1     27.458  ...    92209.0         NaN    24
30       22        1     28.558  ...    93226.0         NaN    25
31       23        1     29.659  ...    94325.0         NaN    26
32       23        1     30.007  ...    95426.0         NaN    27
33        1        2      1.083  ...        NaN    101089.0     1
34        2        2      2.250  ...        NaN    102173.0     2
35        3        2      3.218  ...        NaN    103339.0     3
36        4        2      4.166  ...        NaN    104308.0     4
37        5        2      5.165  ...        NaN    105256.0     5
38        6        2      6.248  ...        NaN    106255.0     6
39        7        2      7.781  ...        NaN    107338.0     7
40        8        2      9.131  ...        NaN    108871.0     8
41        9        2     10.197  ...        NaN    110221.0     9
42       10        2     11.280  ...        NaN    111286.0    10
43       11        2     12.330  ...        NaN    112370.0    11
44       12        2     13.612  ...        NaN    113419.0    12
45       13        2     14.628  ...        NaN    114701.0    13
46       14        2     16.011  ...        NaN    115718.0    14
47       15        2     17.060  ...        NaN    117101.0    15
48       15        2     18.077  ...        NaN    118151.0    16
49       16        2     19.143  ...        NaN    119167.0    17
50       17        2     20.293  ...        NaN    120234.0    18
51       18        2     21.359  ...        NaN    121384.0    19
52       19        2     22.475  ...        NaN    122449.0    20
53       20        2     23.658  ...        NaN    123565.0    21
54       21        2     24.758  ...        NaN    124749.0    22
55       21        2     25.874  ...        NaN    125849.0    23
56       22        2     26.942  ...        NaN    126965.0    24
57       23        2     28.057  ...        NaN    128032.0    25
58       23        2     29.290  ...        NaN    129147.0    26
59       23        2     30.006  ...        NaN    130381.0    27

[54 rows x 27 columns]
block_c
1    0.851852
2    0.851852
Name: correct, dtype: float64
