QC passed for ./data/8012/processed/run-10/8012_PC_A.csv, generating plots...
DataFrame head:
   acc_sum  block_c  block_dur  ... time_test1  time_test2 trial
0        1        1        0.0  ...        NaN         NaN     1
1        2        1        0.0  ...        NaN         NaN     2
2        3        1        0.0  ...        NaN         NaN     3
3        4        1        0.0  ...        NaN         NaN     4
4        4        1        0.0  ...        NaN         NaN     5

[5 rows x 27 columns]
Filtered DataFrame (test):
    acc_sum  block_c  block_dur  ... time_test1  time_test2 trial
6         1        1      2.366  ...    68211.0         NaN     1
7         2        1      3.249  ...    70578.0         NaN     2
8         3        1      4.681  ...    71460.0         NaN     3
9         4        1      5.698  ...    72893.0         NaN     4
10        5        1      6.981  ...    73909.0         NaN     5
11        6        1      8.014  ...    75192.0         NaN     6
12        7        1      8.964  ...    76226.0         NaN     7
13        8        1     10.396  ...    77175.0         NaN     8
14        9        1     11.579  ...    78607.0         NaN     9
15       10        1     12.796  ...    79791.0         NaN    10
16       11        1     13.929  ...    81007.0         NaN    11
17       12        1     15.161  ...    82140.0         NaN    12
18       13        1     16.195  ...    83373.0         NaN    13
19       14        1     17.328  ...    84406.0         NaN    14
20       15        1     18.494  ...    85539.0         NaN    15
21       16        1     19.610  ...    86705.0         NaN    16
22       17        1     20.910  ...    87822.0         NaN    17
23       18        1     21.910  ...    89121.0         NaN    18
24       19        1     23.509  ...    90121.0         NaN    19
25       20        1     24.692  ...    91721.0         NaN    20
26       21        1     25.741  ...    92903.0         NaN    21
27       22        1     26.891  ...    93953.0         NaN    22
28       23        1     27.824  ...    95103.0         NaN    23
29       24        1     28.857  ...    96035.0         NaN    24
30       25        1     29.757  ...    97068.0         NaN    25
31       25        1     30.007  ...    97968.0         NaN    26
32        1        2      0.932  ...        NaN    101200.0     1
33        2        2      1.982  ...        NaN    102134.0     2
34        3        2      2.965  ...        NaN    103183.0     3
35        4        2      3.915  ...        NaN    104167.0     4
36        5        2      5.031  ...        NaN    105116.0     5
37        6        2      6.563  ...        NaN    106231.0     6
38        7        2      8.213  ...        NaN    107765.0     7
39        8        2      9.362  ...        NaN    109415.0     8
40        8        2     10.596  ...        NaN    110564.0     9
41        9        2     11.728  ...        NaN    111797.0    10
42       10        2     12.945  ...        NaN    112930.0    11
43       11        2     14.344  ...        NaN    114146.0    12
44       12        2     15.861  ...        NaN    115546.0    13
45       13        2     17.593  ...        NaN    117062.0    14
46       14        2     18.693  ...        NaN    118795.0    15
47       15        2     20.226  ...        NaN    119895.0    16
48       16        2     21.492  ...        NaN    121428.0    17
49       17        2     22.260  ...        NaN    122695.0    18
50       18        2     23.391  ...        NaN    123461.0    19
51       19        2     24.358  ...        NaN    124593.0    20
52       20        2     25.757  ...        NaN    125559.0    21
53       21        2     26.707  ...        NaN    126959.0    22
54       22        2     28.560  ...        NaN    127909.0    23
55       23        2     29.673  ...        NaN    129762.0    24
56       23        2     30.006  ...        NaN    130875.0    25

[51 rows x 27 columns]
block_c
1    0.961538
2    0.920000
Name: correct, dtype: float64
