QC passed for ./data/7025/processed/run-2/7025_PC_A.csv, generating plots...
DataFrame head:
   acc_sum  block_c  block_dur  ... time_test1  time_test2 trial
0        1        1        0.0  ...        NaN         NaN     1
1        2        1        0.0  ...        NaN         NaN     2
2        3        1        0.0  ...        NaN         NaN     3
3        4        1        0.0  ...        NaN         NaN     4
4        5        1        0.0  ...        NaN         NaN     5

[5 rows x 27 columns]
Filtered DataFrame (test):
    acc_sum  block_c  block_dur  ... time_test1  time_test2 trial
6         1        1      1.383  ...    78618.0         NaN     1
7         2        1      2.300  ...    80002.0         NaN     2
8         3        1      3.182  ...    80918.0         NaN     3
9         4        1      4.049  ...    81800.0         NaN     4
10        5        1      4.981  ...    82667.0         NaN     5
11        6        1      5.915  ...    83600.0         NaN     6
12        7        1      6.764  ...    84533.0         NaN     7
13        8        1      8.231  ...    85383.0         NaN     8
14        9        1      9.264  ...    86850.0         NaN     9
15       10        1     10.097  ...    87882.0         NaN    10
16       11        1     11.238  ...    88715.0         NaN    11
17       11        1     12.079  ...    89857.0         NaN    12
18       12        1     13.029  ...    90698.0         NaN    13
19       13        1     14.479  ...    91647.0         NaN    14
20       14        1     15.562  ...    93097.0         NaN    15
21       15        1     16.778  ...    94180.0         NaN    16
22       16        1     18.227  ...    95396.0         NaN    17
23       17        1     19.177  ...    96845.0         NaN    18
24       17        1     20.527  ...    97795.0         NaN    19
25       18        1     22.177  ...    99145.0         NaN    20
26       19        1     23.076  ...   100795.0         NaN    21
27       20        1     24.159  ...   101694.0         NaN    22
28       20        1     24.975  ...   102778.0         NaN    23
29       21        1     26.092  ...   103593.0         NaN    24
30       22        1     27.125  ...   104710.0         NaN    25
31       23        1     28.408  ...   105743.0         NaN    26
32       23        1     29.474  ...   107026.0         NaN    27
33       23        1     30.007  ...   108092.0         NaN    28
34        1        2      1.316  ...        NaN    110724.0     1
35        2        2      2.349  ...        NaN    112042.0     2
36        3        2      3.199  ...        NaN    113074.0     3
37        4        2      3.949  ...        NaN    113923.0     4
38        5        2      4.982  ...        NaN    114673.0     5
39        6        2      5.865  ...        NaN    115706.0     6
40        7        2      7.098  ...        NaN    116590.0     7
41        8        2      8.181  ...        NaN    117823.0     8
42        9        2      9.514  ...        NaN    118905.0     9
43       10        2     10.264  ...        NaN    120238.0    10
44       11        2     11.363  ...        NaN    120988.0    11
45       12        2     12.713  ...        NaN    122088.0    12
46       13        2     13.646  ...        NaN    123437.0    13
47       14        2     14.995  ...        NaN    124370.0    14
48       15        2     15.829  ...        NaN    125720.0    15
49       16        2     17.062  ...        NaN    126553.0    16
50       17        2     18.161  ...        NaN    127786.0    17
51       18        2     19.028  ...        NaN    128886.0    18
52       19        2     20.028  ...        NaN    129752.0    19
53       20        2     20.910  ...        NaN    130753.0    20
54       20        2     22.394  ...        NaN    131635.0    21
55       20        2     23.376  ...        NaN    133119.0    22
56       21        2     24.976  ...        NaN    134101.0    23
57       22        2     26.187  ...        NaN    135700.0    24
58       23        2     27.358  ...        NaN    136911.0    25
59       23        2     29.008  ...        NaN    138083.0    26
60       23        2     29.841  ...        NaN    139733.0    27
61       23        2     30.009  ...        NaN    140565.0    28

[56 rows x 27 columns]
block_c
1    0.821429
2    0.821429
Name: correct, dtype: float64
