QC passed for ./data/8006/processed/run-20/8006_PC_A.csv, generating plots...
DataFrame head:
   acc_sum  block_c  block_dur  ... time_test1  time_test2 trial
0        1        1        0.0  ...        NaN         NaN     1
1        2        1        0.0  ...        NaN         NaN     2
2        3        1        0.0  ...        NaN         NaN     3
3        4        1        0.0  ...        NaN         NaN     4
4        5        1        0.0  ...        NaN         NaN     5

[5 rows x 27 columns]
Filtered DataFrame (test):
    acc_sum  block_c  block_dur  ... time_test1  time_test2 trial
6         1        1      2.449  ...    54570.0         NaN     1
7         2        1      3.749  ...    57020.0         NaN     2
8         3        1      5.031  ...    58319.0         NaN     3
9         4        1      6.048  ...    59602.0         NaN     4
10        5        1      7.264  ...    60618.0         NaN     5
11        6        1      8.197  ...    61834.0         NaN     6
12        7        1      9.180  ...    62767.0         NaN     7
13        8        1     10.613  ...    63751.0         NaN     8
14        9        1     11.713  ...    65183.0         NaN     9
15       10        1     12.762  ...    66283.0         NaN    10
16       11        1     13.862  ...    67333.0         NaN    11
17       11        1     15.078  ...    68433.0         NaN    12
18       12        1     16.794  ...    69649.0         NaN    13
19       13        1     18.644  ...    71365.0         NaN    14
20       14        1     20.427  ...    73214.0         NaN    15
21       15        1     21.509  ...    74997.0         NaN    16
22       16        1     22.842  ...    76080.0         NaN    17
23       17        1     24.159  ...    77413.0         NaN    18
24       18        1     25.875  ...    78730.0         NaN    19
25       19        1     28.024  ...    80445.0         NaN    20
26       20        1     29.074  ...    82595.0         NaN    21
27       20        1     30.007  ...    83645.0         NaN    22
28        1        2      2.733  ...        NaN     85710.0     1
29        2        2      4.365  ...        NaN     88443.0     2
30        3        2      5.731  ...        NaN     90076.0     3
31        4        2      7.364  ...        NaN     91442.0     4
32        5        2      8.547  ...        NaN     93075.0     5
33        6        2      9.547  ...        NaN     94257.0     6
34        7        2     10.796  ...        NaN     95257.0     7
35        8        2     11.879  ...        NaN     96507.0     8
36        9        2     14.229  ...        NaN     97590.0     9
37       10        2     16.345  ...        NaN     99939.0    10
38       11        2     17.528  ...        NaN    102056.0    11
39       12        2     18.627  ...        NaN    103238.0    12
40       13        2     19.627  ...        NaN    104338.0    13
41       14        2     20.760  ...        NaN    105338.0    14
42       15        2     21.626  ...        NaN    106470.0    15
43       16        2     23.393  ...        NaN    107337.0    16
44       17        2     24.542  ...        NaN    109103.0    17
45       18        2     25.561  ...        NaN    110252.0    18
46       19        2     26.808  ...        NaN    111271.0    19
47       20        2     28.091  ...        NaN    112519.0    20
48       21        2     29.907  ...        NaN    113801.0    21
49       21        2     30.007  ...        NaN    115618.0    22

[44 rows x 27 columns]
block_c
1    0.909091
2    0.954545
Name: correct, dtype: float64
