QC passed for ./data/8008/processed/run-5/8008_PC_A.csv, generating plots...
DataFrame head:
   acc_sum  block_c  block_dur  ... time_test1  time_test2 trial
0        1        1        0.0  ...        NaN         NaN     1
1        2        1        0.0  ...        NaN         NaN     2
2        3        1        0.0  ...        NaN         NaN     3
3        4        1        0.0  ...        NaN         NaN     4
4        5        1        0.0  ...        NaN         NaN     5

[5 rows x 27 columns]
Filtered DataFrame (test):
    acc_sum  block_c  block_dur  ... time_test1  time_test2 trial
6         1        1      1.449  ...    74130.0         NaN     1
7         2        1      2.867  ...    75580.0         NaN     2
8         3        1      4.431  ...    76997.0         NaN     3
9         4        1      5.598  ...    78562.0         NaN     4
10        5        1      7.281  ...    79728.0         NaN     5
11        6        1      8.707  ...    81411.0         NaN     6
12        7        1     10.013  ...    82837.0         NaN     7
13        8        1     12.146  ...    84143.0         NaN     8
14        9        1     14.612  ...    86276.0         NaN     9
15       10        1     15.911  ...    88742.0         NaN    10
16       11        1     17.677  ...    90041.0         NaN    11
17       12        1     19.410  ...    91808.0         NaN    12
18       13        1     20.776  ...    93541.0         NaN    13
19       14        1     22.309  ...    94907.0         NaN    14
20       15        1     24.725  ...    96440.0         NaN    15
21       16        1     26.192  ...    98855.0         NaN    16
22       17        1     29.674  ...   100322.0         NaN    17
23       17        1     30.007  ...   103804.0         NaN    18
24        1        2      1.266  ...        NaN    112001.0     1
25        2        2      2.533  ...        NaN    113268.0     2
26        3        2      3.865  ...        NaN    114534.0     3
27        4        2      5.881  ...        NaN    115866.0     4
28        5        2      7.581  ...        NaN    117883.0     5
29        6        2      9.563  ...        NaN    119582.0     6
30        7        2     10.996  ...        NaN    121565.0     7
31        8        2     12.429  ...        NaN    122998.0     8
32        8        2     13.662  ...        NaN    124431.0     9
33        9        2     15.329  ...        NaN    125664.0    10
34       10        2     16.411  ...        NaN    127330.0    11
35       11        2     17.661  ...        NaN    128413.0    12
36       12        2     20.044  ...        NaN    129662.0    13
37       13        2     22.176  ...        NaN    132045.0    14
38       14        2     23.159  ...        NaN    134178.0    15
39       15        2     24.842  ...        NaN    135161.0    16
40       16        2     26.541  ...        NaN    136843.0    17
41       17        2     27.891  ...        NaN    138543.0    18
42       18        2     29.707  ...        NaN    139892.0    19
43       18        2     30.008  ...        NaN    141709.0    20

[38 rows x 27 columns]
block_c
1    0.944444
2    0.900000
Name: correct, dtype: float64
