QC passed for ./data/7037/processed/run-5/7037_PC_B.csv, generating plots...
DataFrame head:
   acc_sum  block_c  block_dur  ... time_test1  time_test2 trial
0        1        1        0.0  ...        NaN         NaN     1
1        2        1        0.0  ...        NaN         NaN     2
2        2        1        0.0  ...        NaN         NaN     3
3        3        1        0.0  ...        NaN         NaN     4
4        4        1        0.0  ...        NaN         NaN     5

[5 rows x 27 columns]
Filtered DataFrame (test):
    acc_sum  block_c  block_dur  ... time_test1  time_test2 trial
6         1        1      3.632  ...    63390.0         NaN     1
7         2        1      5.198  ...    67023.0         NaN     2
8         3        1      8.914  ...    68589.0         NaN     3
9         4        1     10.580  ...    72304.0         NaN     4
10        5        1     13.546  ...    73970.0         NaN     5
11        6        1     14.912  ...    76936.0         NaN     6
12        7        1     16.812  ...    78302.0         NaN     7
13        7        1     19.311  ...    80202.0         NaN     8
14        8        1     20.877  ...    82701.0         NaN     9
15        9        1     22.210  ...    84267.0         NaN    10
16       10        1     24.126  ...    85600.0         NaN    11
17       11        1     26.475  ...    87516.0         NaN    12
18       12        1     28.074  ...    89865.0         NaN    13
19       13        1     29.707  ...    91466.0         NaN    14
20       13        1     30.007  ...    93097.0         NaN    15
21        1        2      2.215  ...        NaN     95996.0     1
22        1        2      5.048  ...        NaN     98213.0     2
23        2        2      6.797  ...        NaN    101046.0     3
24        3        2      8.146  ...        NaN    102794.0     4
25        4        2      9.946  ...        NaN    104144.0     5
26        5        2     12.145  ...        NaN    105943.0     6
27        6        2     13.878  ...        NaN    108143.0     7
28        7        2     15.461  ...        NaN    109875.0     8
29        8        2     18.477  ...        NaN    111459.0     9
30        9        2     19.660  ...        NaN    114474.0    10
31       10        2     21.642  ...        NaN    115657.0    11
32       11        2     23.892  ...        NaN    117640.0    12
33       12        2     25.508  ...        NaN    119889.0    13
34       12        2     27.624  ...        NaN    121506.0    14
35       13        2     28.974  ...        NaN    123621.0    15
36       13        2     30.007  ...        NaN    124971.0    16

[31 rows x 27 columns]
block_c
1    0.866667
2    0.812500
Name: correct, dtype: float64
