QC passed for ./data/8004/processed/run-31/8004_PC_A.csv, generating plots...
DataFrame head:
   acc_sum  block_c  block_dur  ... time_test1  time_test2 trial
0        1        1        0.0  ...        NaN         NaN     1
1        1        1        0.0  ...        NaN         NaN     2
2        2        1        0.0  ...        NaN         NaN     3
3        3        1        0.0  ...        NaN         NaN     4
4        4        1        0.0  ...        NaN         NaN     5

[5 rows x 27 columns]
Filtered DataFrame (test):
    acc_sum  block_c  block_dur  ... time_test1  time_test2 trial
6         1        1      1.849  ...    68038.0         NaN     1
7         2        1      3.282  ...    69889.0         NaN     2
8         3        1      5.515  ...    71322.0         NaN     3
9         4        1      6.864  ...    73554.0         NaN     4
10        5        1      8.947  ...    74904.0         NaN     5
11        6        1     10.246  ...    76987.0         NaN     6
12        7        1     11.680  ...    78286.0         NaN     7
13        8        1     13.245  ...    79719.0         NaN     8
14        9        1     14.678  ...    81285.0         NaN     9
15       10        1     15.961  ...    82718.0         NaN    10
16       11        1     17.261  ...    84001.0         NaN    11
17       12        1     18.860  ...    85300.0         NaN    12
18       13        1     20.193  ...    86900.0         NaN    13
19       14        1     21.560  ...    88237.0         NaN    14
20       15        1     22.926  ...    89599.0         NaN    15
21       16        1     24.375  ...    90965.0         NaN    16
22       17        1     25.992  ...    92415.0         NaN    17
23       18        1     27.391  ...    94031.0         NaN    18
24       19        1     28.957  ...    95430.0         NaN    19
25       19        1     30.007  ...    96997.0         NaN    20
26        1        2      1.516  ...        NaN    101195.0     1
27        2        2      3.149  ...        NaN    102712.0     2
28        3        2      4.148  ...        NaN    104344.0     3
29        4        2      5.231  ...        NaN    105344.0     4
30        5        2      6.547  ...        NaN    106427.0     5
31        6        2      7.997  ...        NaN    107743.0     6
32        7        2      9.330  ...        NaN    109193.0     7
33        8        2     10.746  ...        NaN    110526.0     8
34        9        2     12.279  ...        NaN    111942.0     9
35       10        2     13.779  ...        NaN    113475.0    10
36       11        2     15.361  ...        NaN    114975.0    11
37       12        2     17.178  ...        NaN    116557.0    12
38       13        2     18.577  ...        NaN    118373.0    13
39       14        2     20.443  ...        NaN    119773.0    14
40       15        2     21.809  ...        NaN    121639.0    15
41       16        2     23.592  ...        NaN    123005.0    16
42       17        2     25.158  ...        NaN    124788.0    17
43       18        2     26.691  ...        NaN    126354.0    18
44       19        2     28.191  ...        NaN    127887.0    19
45       20        2     29.824  ...        NaN    129386.0    20
46       20        2     30.007  ...        NaN    131019.0    21

[41 rows x 27 columns]
block_c
1    0.950000
2    0.952381
Name: correct, dtype: float64
