QC passed for ./data/8000/processed/run-8/8000_PC_B.csv, generating plots...
DataFrame head:
   acc_sum  block_c  block_dur  ... time_test1  time_test2 trial
0        1        1        0.0  ...        NaN         NaN     1
1        2        1        0.0  ...        NaN         NaN     2
2        2        1        0.0  ...        NaN         NaN     3
3        3        1        0.0  ...        NaN         NaN     4
4        4        1        0.0  ...        NaN         NaN     5

[5 rows x 27 columns]
Filtered DataFrame (test):
    acc_sum  block_c  block_dur  ... time_test1  time_test2 trial
6         1        1      1.599  ...    76786.0         NaN     1
7         2        1      2.616  ...    78384.0         NaN     2
8         3        1      4.582  ...    79400.0         NaN     3
9         4        1      5.616  ...    81367.0         NaN     4
10        5        1      7.265  ...    82400.0         NaN     5
11        6        1      8.464  ...    84049.0         NaN     6
12        7        1     10.147  ...    85249.0         NaN     7
13        8        1     12.329  ...    86931.0         NaN     8
14        9        1     14.079  ...    89114.0         NaN     9
15       10        1     15.146  ...    90863.0         NaN    10
16       11        1     16.495  ...    91931.0         NaN    11
17       11        1     18.394  ...    93279.0         NaN    12
18       12        1     19.461  ...    95179.0         NaN    13
19       13        1     20.860  ...    96245.0         NaN    14
20       14        1     22.659  ...    97644.0         NaN    15
21       15        1     23.909  ...    99444.0         NaN    16
22       16        1     25.542  ...   100693.0         NaN    17
23       17        1     27.075  ...   102326.0         NaN    18
24       18        1     28.308  ...   103860.0         NaN    19
25       19        1     29.992  ...   105092.0         NaN    20
26       19        1     30.008  ...   106777.0         NaN    21
27        1        2      1.683  ...        NaN    113622.0     1
28        1        2      4.249  ...        NaN    115306.0     2
29        2        2      6.931  ...        NaN    117871.0     3
30        3        2      8.131  ...        NaN    120554.0     4
31        4        2      9.797  ...        NaN    121753.0     5
32        5        2     11.563  ...        NaN    123419.0     6
33        6        2     12.979  ...        NaN    125186.0     7
34        7        2     14.146  ...        NaN    126602.0     8
35        8        2     15.811  ...        NaN    127768.0     9
36        9        2     17.028  ...        NaN    129434.0    10
37       10        2     18.512  ...        NaN    130651.0    11
38       11        2     19.910  ...        NaN    132135.0    12
39       12        2     21.127  ...        NaN    133533.0    13
40       13        2     22.543  ...        NaN    134750.0    14
41       14        2     23.709  ...        NaN    136165.0    15
42       15        2     25.459  ...        NaN    137332.0    16
43       16        2     26.958  ...        NaN    139085.0    17
44       17        2     28.258  ...        NaN    140581.0    18
45       18        2     29.857  ...        NaN    141880.0    19
46       18        2     30.007  ...        NaN    143480.0    20

[41 rows x 27 columns]
block_c
1    0.904762
2    0.900000
Name: correct, dtype: float64
