QC passed for ./data/8001/processed/run-6/8001_PC_A.csv, generating plots...
DataFrame head:
   acc_sum  block_c  block_dur  ... time_test1  time_test2 trial
0        1        1        0.0  ...        NaN         NaN     1
1        2        1        0.0  ...        NaN         NaN     2
2        3        1        0.0  ...        NaN         NaN     3
3        4        1        0.0  ...        NaN         NaN     4
4        5        1        0.0  ...        NaN         NaN     5

[5 rows x 27 columns]
Filtered DataFrame (test):
    acc_sum  block_c  block_dur  ... time_test1  time_test2 trial
6         1        1      1.633  ...    70031.0         NaN     1
7         2        1      2.933  ...    71664.0         NaN     2
8         2        1      4.599  ...    72964.0         NaN     3
9         3        1      5.699  ...    74629.0         NaN     4
10        4        1      7.414  ...    75729.0         NaN     5
11        5        1      8.431  ...    77446.0         NaN     6
12        6        1      9.647  ...    78462.0         NaN     7
13        6        1     10.847  ...    79678.0         NaN     8
14        7        1     12.096  ...    80877.0         NaN     9
15        8        1     13.179  ...    82128.0         NaN    10
16        9        1     14.262  ...    83210.0         NaN    11
17       10        1     15.562  ...    84293.0         NaN    12
18       11        1     17.626  ...    85592.0         NaN    13
19       12        1     19.894  ...    87657.0         NaN    14
20       13        1     20.977  ...    89924.0         NaN    15
21       14        1     22.243  ...    91008.0         NaN    16
22       15        1     24.826  ...    92274.0         NaN    17
23       16        1     26.142  ...    94856.0         NaN    18
24       17        1     28.258  ...    96173.0         NaN    19
25       17        1     29.757  ...    98290.0         NaN    20
26       17        1     30.007  ...    99788.0         NaN    21
27        1        2      0.950  ...        NaN    104836.0     1
28        2        2      2.283  ...        NaN    105787.0     2
29        3        2      3.649  ...        NaN    107119.0     3
30        4        2      4.948  ...        NaN    108485.0     4
31        5        2      6.748  ...        NaN    109785.0     5
32        6        2      8.330  ...        NaN    111584.0     6
33        7        2      9.547  ...        NaN    113167.0     7
34        8        2     10.829  ...        NaN    114383.0     8
35        9        2     12.546  ...        NaN    115666.0     9
36        9        2     13.929  ...        NaN    117383.0    10
37       10        2     15.512  ...        NaN    118766.0    11
38       11        2     17.061  ...        NaN    120349.0    12
39       12        2     18.394  ...        NaN    121898.0    13
40       12        2     20.293  ...        NaN    123231.0    14
41       13        2     21.293  ...        NaN    125130.0    15
42       14        2     23.359  ...        NaN    126130.0    16
43       15        2     25.125  ...        NaN    128196.0    17
44       16        2     26.525  ...        NaN    129962.0    18
45       17        2     28.041  ...        NaN    131361.0    19
46       18        2     29.490  ...        NaN    132878.0    20
47       18        2     30.017  ...        NaN    134327.0    21

[42 rows x 27 columns]
block_c
1    0.809524
2    0.857143
Name: correct, dtype: float64
