QC passed for ./data/7020/processed/run-5/7020_PC_B.csv, generating plots...
DataFrame head:
   acc_sum  block_c  block_dur  ... time_test1  time_test2 trial
0        0        1        0.0  ...        NaN         NaN     1
1        1        1        0.0  ...        NaN         NaN     2
2        2        1        0.0  ...        NaN         NaN     3
3        3        1        0.0  ...        NaN         NaN     4
4        4        1        0.0  ...        NaN         NaN     5

[5 rows x 27 columns]
Filtered DataFrame (test):
    acc_sum  block_c  block_dur  ... time_test1  time_test2 trial
6         1        1      1.650  ...    84929.0         NaN     1
7         2        1      2.633  ...    86579.0         NaN     2
8         3        1      3.549  ...    87562.0         NaN     3
9         4        1      4.582  ...    88478.0         NaN     4
10        5        1      5.748  ...    89511.0         NaN     5
11        6        1      6.598  ...    90678.0         NaN     6
12        7        1      7.581  ...    91527.0         NaN     7
13        7        1      8.914  ...    92510.0         NaN     8
14        8        1      9.847  ...    93843.0         NaN     9
15        9        1     10.998  ...    94776.0         NaN    10
16       10        1     12.030  ...    95927.0         NaN    11
17       10        1     13.413  ...    96959.0         NaN    12
18       11        1     14.346  ...    98341.0         NaN    13
19       12        1     16.628  ...    99275.0         NaN    14
20       13        1     18.111  ...   101558.0         NaN    15
21       14        1     19.094  ...   103041.0         NaN    16
22       15        1     21.843  ...   104023.0         NaN    17
23       16        1     23.126  ...   106772.0         NaN    18
24       17        1     25.358  ...   108055.0         NaN    19
25       18        1     27.158  ...   110287.0         NaN    20
26       19        1     28.274  ...   112087.0         NaN    21
27       19        1     30.008  ...   113204.0         NaN    22
28        1        2      1.466  ...        NaN    118835.0     1
29        2        2      2.549  ...        NaN    120302.0     2
30        2        2      3.582  ...        NaN    121384.0     3
31        3        2      4.415  ...        NaN    122417.0     4
32        4        2      5.715  ...        NaN    123250.0     5
33        5        2      6.948  ...        NaN    124550.0     6
34        6        2      8.581  ...        NaN    125783.0     7
35        7        2      9.647  ...        NaN    127416.0     8
36        8        2     11.297  ...        NaN    128482.0     9
37        9        2     12.629  ...        NaN    130132.0    10
38       10        2     13.712  ...        NaN    131465.0    11
39       11        2     14.945  ...        NaN    132548.0    12
40       12        2     16.262  ...        NaN    133780.0    13
41       13        2     17.528  ...        NaN    135097.0    14
42       14        2     18.628  ...        NaN    136363.0    15
43       14        2     19.810  ...        NaN    137463.0    16
44       15        2     20.977  ...        NaN    138645.0    17
45       16        2     21.860  ...        NaN    139812.0    18
46       17        2     22.926  ...        NaN    140695.0    19
47       18        2     23.843  ...        NaN    141761.0    20
48       19        2     25.076  ...        NaN    142677.0    21
49       20        2     26.325  ...        NaN    143911.0    22
50       21        2     28.158  ...        NaN    145160.0    23
51       22        2     29.108  ...        NaN    146993.0    24
52       22        2     30.007  ...        NaN    147942.0    25

[47 rows x 27 columns]
block_c
1    0.863636
2    0.880000
Name: correct, dtype: float64
