QC passed for ./data/7012/processed/run-1/7012_PC_C.csv, generating plots...
DataFrame head:
   acc_sum  block_c  block_dur  ... time_test1  time_test2 trial
0        1        1        0.0  ...        NaN         NaN     1
1        2        1        0.0  ...        NaN         NaN     2
2        3        1        0.0  ...        NaN         NaN     3
3        4        1        0.0  ...        NaN         NaN     4
4        5        1        0.0  ...        NaN         NaN     5

[5 rows x 27 columns]
Filtered DataFrame (test):
    acc_sum  block_c  block_dur  ... time_test1  time_test2 trial
6         1        1      2.450  ...    99342.0         NaN     1
7         2        1      3.600  ...   101800.0         NaN     2
8         3        1      5.066  ...   102949.0         NaN     3
9         4        1      6.432  ...   104416.0         NaN     4
10        5        1      7.832  ...   105780.0         NaN     5
11        6        1      8.947  ...   107182.0         NaN     6
12        7        1     10.118  ...   108288.0         NaN     7
13        8        1     12.083  ...   109463.0         NaN     8
14        9        1     13.616  ...   111429.0         NaN     9
15       10        1     14.566  ...   112962.0         NaN    10
16       11        1     15.616  ...   113913.0         NaN    11
17       12        1     17.748  ...   114962.0         NaN    12
18       13        1     19.015  ...   117096.0         NaN    13
19       14        1     20.197  ...   118360.0         NaN    14
20       15        1     21.180  ...   119542.0         NaN    15
21       16        1     22.230  ...   120526.0         NaN    16
22       17        1     23.529  ...   121576.0         NaN    17
23       18        1     24.612  ...   122865.0         NaN    18
24       18        1     26.679  ...   123952.0         NaN    19
25       19        1     28.761  ...   126023.0         NaN    20
26       19        1     29.778  ...   128107.0         NaN    21
27       19        1     30.030  ...   129122.0         NaN    22
28        1        2      1.950  ...        NaN    141603.0     1
29        2        2      3.232  ...        NaN    143551.0     2
30        3        2      4.215  ...        NaN    144834.0     3
31        4        2      5.548  ...        NaN    145816.0     4
32        5        2      8.664  ...        NaN    147149.0     5
33        6        2     10.780  ...        NaN    150265.0     6
34        7        2     11.779  ...        NaN    152382.0     7
35        8        2     13.279  ...        NaN    153382.0     8
36        9        2     15.245  ...        NaN    154881.0     9
37       10        2     16.428  ...        NaN    156847.0    10
38       11        2     17.427  ...        NaN    158030.0    11
39       12        2     18.710  ...        NaN    159030.0    12
40       13        2     19.977  ...        NaN    160302.0    13
41       14        2     21.576  ...        NaN    161580.0    14
42       15        2     22.659  ...        NaN    163178.0    15
43       15        2     23.626  ...        NaN    164261.0    16
44       16        2     25.242  ...        NaN    165227.0    17
45       17        2     26.574  ...        NaN    166843.0    18
46       18        2     27.644  ...        NaN    168175.0    19
47       19        2     28.677  ...        NaN    169242.0    20
48       20        2     29.743  ...        NaN    170268.0    21
49       20        2     30.010  ...        NaN    171332.0    22

[44 rows x 27 columns]
block_c
1    0.863636
2    0.909091
Name: correct, dtype: float64
