QC passed for ./data/7016/processed/run-7/7016_PC_B.csv, generating plots...
DataFrame head:
   acc_sum  block_c  block_dur  ... time_test1  time_test2 trial
0        1        1        0.0  ...        NaN         NaN     1
1        2        1        0.0  ...        NaN         NaN     2
2        3        1        0.0  ...        NaN         NaN     3
3        4        1        0.0  ...        NaN         NaN     4
4        4        1        0.0  ...        NaN         NaN     5

[5 rows x 27 columns]
Filtered DataFrame (test):
    acc_sum  block_c  block_dur  ... time_test1  time_test2 trial
6         1        1      1.550  ...    76957.0         NaN     1
7         2        1      2.633  ...    78506.0         NaN     2
8         3        1      4.016  ...    79589.0         NaN     3
9         4        1      5.482  ...    80972.0         NaN     4
10        5        1      7.015  ...    82438.0         NaN     5
11        6        1      8.331  ...    83971.0         NaN     6
12        7        1      9.464  ...    85287.0         NaN     7
13        8        1     10.964  ...    86420.0         NaN     8
14        9        1     12.130  ...    87919.0         NaN     9
15       10        1     13.413  ...    89086.0         NaN    10
16       11        1     14.463  ...    90368.0         NaN    11
17       12        1     16.262  ...    91418.0         NaN    12
18       13        1     17.678  ...    93218.0         NaN    13
19       14        1     18.778  ...    94638.0         NaN    14
20       15        1     20.061  ...    95733.0         NaN    15
21       16        1     22.343  ...    97017.0         NaN    16
22       17        1     24.043  ...    99299.0         NaN    17
23       18        1     25.609  ...   100998.0         NaN    18
24       18        1     27.060  ...   102564.0         NaN    19
25       19        1     29.041  ...   104015.0         NaN    20
26       19        1     30.008  ...   105997.0         NaN    21
27        1        2      1.433  ...        NaN    118326.0     1
28        2        2      2.948  ...        NaN    119760.0     2
29        3        2      4.182  ...        NaN    121275.0     3
30        4        2      5.348  ...        NaN    122508.0     4
31        5        2      6.897  ...        NaN    123675.0     5
32        6        2      8.130  ...        NaN    125224.0     6
33        7        2      9.646  ...        NaN    126457.0     7
34        8        2     11.046  ...        NaN    127973.0     8
35        9        2     12.729  ...        NaN    129373.0     9
36       10        2     13.895  ...        NaN    131056.0    10
37       11        2     15.195  ...        NaN    132222.0    11
38       12        2     16.511  ...        NaN    133522.0    12
39       13        2     17.628  ...        NaN    134838.0    13
40       14        2     18.960  ...        NaN    135954.0    14
41       15        2     20.060  ...        NaN    137287.0    15
42       15        2     21.110  ...        NaN    138387.0    16
43       15        2     22.526  ...        NaN    139436.0    17
44       16        2     23.759  ...        NaN    140852.0    18
45       17        2     24.892  ...        NaN    142086.0    19
46       18        2     26.308  ...        NaN    143218.0    20
47       19        2     27.691  ...        NaN    144634.0    21
48       20        2     28.874  ...        NaN    146018.0    22
49       20        2     30.007  ...        NaN    147200.0    23

[44 rows x 27 columns]
block_c
1    0.904762
2    0.869565
Name: correct, dtype: float64
