QC passed for ./data/9003/processed/run-5/9003_PC_A.csv, generating plots...
DataFrame head:
   acc_sum  block_c  block_dur  ... time_test1  time_test2 trial
0        1        1        0.0  ...        NaN         NaN     1
1        2        1        0.0  ...        NaN         NaN     2
2        3        1        0.0  ...        NaN         NaN     3
3        4        1        0.0  ...        NaN         NaN     4
4        5        1        0.0  ...        NaN         NaN     5

[5 rows x 27 columns]
Filtered DataFrame (test):
    acc_sum  block_c  block_dur  ... time_test1  time_test2 trial
6         1        1      1.234  ...    68039.0         NaN     1
7         2        1      2.217  ...    69279.0         NaN     2
8         2        1      5.134  ...    70260.0         NaN     3
9         3        1      6.450  ...    73175.0         NaN     4
10        4        1      7.717  ...    74494.0         NaN     5
11        5        1      8.817  ...    75759.0         NaN     6
12        6        1      9.901  ...    76858.0         NaN     7
13        7        1     11.700  ...    77942.0         NaN     8
14        8        1     13.017  ...    79742.0         NaN     9
15        9        1     14.250  ...    81064.0         NaN    10
16       10        1     15.533  ...    82291.0         NaN    11
17       11        1     17.284  ...    83574.0         NaN    12
18       12        1     18.350  ...    85326.0         NaN    13
19       13        1     19.750  ...    86392.0         NaN    14
20       14        1     21.501  ...    87790.0         NaN    15
21       15        1     22.667  ...    89542.0         NaN    16
22       16        1     24.034  ...    90710.0         NaN    17
23       17        1     25.150  ...    92076.0         NaN    18
24       18        1     26.450  ...    93192.0         NaN    19
25       19        1     27.634  ...    94494.0         NaN    20
26       20        1     28.717  ...    95676.0         NaN    21
27       20        1     30.017  ...    96761.0         NaN    22
28        1        2      0.883  ...        NaN    109076.0     1
29        2        2      2.433  ...        NaN    109960.0     2
30        3        2      4.100  ...        NaN    111510.0     3
31        4        2      5.200  ...        NaN    113179.0     4
32        5        2      6.566  ...        NaN    114275.0     5
33        6        2      7.883  ...        NaN    115642.0     6
34        7        2      9.016  ...        NaN    116958.0     7
35        8        2     10.200  ...        NaN    118093.0     8
36        9        2     11.550  ...        NaN    119275.0     9
37        9        2     13.000  ...        NaN    120625.0    10
38       10        2     13.916  ...        NaN    122078.0    11
39       11        2     15.283  ...        NaN    122992.0    12
40       12        2     16.450  ...        NaN    124355.0    13
41       13        2     18.133  ...        NaN    125525.0    14
42       14        2     19.133  ...        NaN    127209.0    15
43       15        2     20.617  ...        NaN    128209.0    16
44       16        2     22.350  ...        NaN    129692.0    17
45       17        2     23.850  ...        NaN    131427.0    18
46       18        2     25.350  ...        NaN    132925.0    19
47       19        2     26.267  ...        NaN    134426.0    20
48       20        2     27.900  ...        NaN    135345.0    21
49       21        2     28.967  ...        NaN    136977.0    22
50       21        2     30.016  ...        NaN    138042.0    23

[45 rows x 27 columns]
block_c
1    0.909091
2    0.913043
Name: correct, dtype: float64
