QC passed for ./data/9005/processed/run-1/9005_PC_A.csv, generating plots...
DataFrame head:
   acc_sum  block_c  block_dur  ... time_test1  time_test2 trial
0        1        1        0.0  ...        NaN         NaN     1
1        2        1        0.0  ...        NaN         NaN     2
2        3        1        0.0  ...        NaN         NaN     3
3        3        1        0.0  ...        NaN         NaN     4
4        4        1        0.0  ...        NaN         NaN     5

[5 rows x 27 columns]
Filtered DataFrame (test):
    acc_sum  block_c  block_dur  ... time_test1  time_test2 trial
6         1        1      1.400  ...    91590.0         NaN     1
7         2        1      2.567  ...    92992.0         NaN     2
8         3        1      3.799  ...    94158.0         NaN     3
9         4        1      4.883  ...    95391.0         NaN     4
10        5        1      6.016  ...    96475.0         NaN     5
11        6        1      7.167  ...    97609.0         NaN     6
12        7        1      8.250  ...    98759.0         NaN     7
13        7        1      9.466  ...    99841.0         NaN     8
14        8        1     10.533  ...   101058.0         NaN     9
15        9        1     11.733  ...   102125.0         NaN    10
16       10        1     12.900  ...   103325.0         NaN    11
17       10        1     14.266  ...   104491.0         NaN    12
18       11        1     15.383  ...   105858.0         NaN    13
19       12        1     16.816  ...   106975.0         NaN    14
20       13        1     17.816  ...   108407.0         NaN    15
21       14        1     19.000  ...   109407.0         NaN    16
22       15        1     20.150  ...   110590.0         NaN    17
23       16        1     21.383  ...   111741.0         NaN    18
24       17        1     23.250  ...   112975.0         NaN    19
25       18        1     24.366  ...   114842.0         NaN    20
26       19        1     25.466  ...   115954.0         NaN    21
27       20        1     26.866  ...   117058.0         NaN    22
28       21        1     27.983  ...   118460.0         NaN    23
29       22        1     29.033  ...   119570.0         NaN    24
30       22        1     30.017  ...   120621.0         NaN    25
31        1        2      1.234  ...        NaN    133106.0     1
32        1        2      2.401  ...        NaN    134343.0     2
33        2        2      3.584  ...        NaN    135509.0     3
34        3        2      4.783  ...        NaN    136691.0     4
35        4        2      6.100  ...        NaN    137887.0     5
36        5        2      7.450  ...        NaN    139204.0     6
37        6        2      8.801  ...        NaN    140557.0     7
38        7        2      9.951  ...        NaN    141907.0     8
39        8        2     11.117  ...        NaN    143059.0     9
40        9        2     12.333  ...        NaN    144224.0    10
41       10        2     13.417  ...        NaN    145439.0    11
42       11        2     14.667  ...        NaN    146525.0    12
43       12        2     15.834  ...        NaN    147775.0    13
44       12        2     17.267  ...        NaN    148943.0    14
45       13        2     18.334  ...        NaN    150374.0    15
46       13        2     19.533  ...        NaN    151441.0    16
47       14        2     20.717  ...        NaN    152640.0    17
48       15        2     21.834  ...        NaN    153825.0    18
49       16        2     23.017  ...        NaN    154941.0    19
50       17        2     24.733  ...        NaN    156124.0    20
51       18        2     25.884  ...        NaN    157837.0    21
52       19        2     27.017  ...        NaN    158991.0    22
53       19        2     28.201  ...        NaN    160124.0    23
54       20        2     29.400  ...        NaN    161307.0    24
55       20        2     30.017  ...        NaN    162505.0    25

[50 rows x 27 columns]
block_c
1    0.88
2    0.80
Name: correct, dtype: float64
