QC passed for ./data/7032/processed/run-1/7032_PC_C.csv, generating plots...
DataFrame head:
   acc_sum  block_c  block_dur  ... time_test1  time_test2 trial
0        1        1        0.0  ...        NaN         NaN     1
1        2        1        0.0  ...        NaN         NaN     2
2        3        1        0.0  ...        NaN         NaN     3
3        4        1        0.0  ...        NaN         NaN     4
4        5        1        0.0  ...        NaN         NaN     5

[5 rows x 27 columns]
Filtered DataFrame (test):
    acc_sum  block_c  block_dur  ... time_test1  time_test2 trial
6         1        1      2.066  ...    64889.0         NaN     1
7         2        1      3.415  ...    66958.0         NaN     2
8         3        1      4.498  ...    68306.0         NaN     3
9         4        1      5.548  ...    69390.0         NaN     4
10        5        1      6.930  ...    70438.0         NaN     5
11        6        1      7.880  ...    71821.0         NaN     6
12        7        1      8.912  ...    72771.0         NaN     7
13        7        1     10.863  ...    73793.0         NaN     8
14        8        1     12.129  ...    75753.0         NaN     9
15        9        1     13.245  ...    77021.0         NaN    10
16       10        1     14.595  ...    78135.0         NaN    11
17       10        1     16.144  ...    79486.0         NaN    12
18       11        1     17.293  ...    81035.0         NaN    13
19       12        1     18.493  ...    82173.0         NaN    14
20       13        1     20.093  ...    83383.0         NaN    15
21       14        1     21.426  ...    84985.0         NaN    16
22       15        1     22.809  ...    86316.0         NaN    17
23       16        1     24.041  ...    87699.0         NaN    18
24       16        1     25.741  ...    88932.0         NaN    19
25       17        1     26.974  ...    90631.0         NaN    20
26       18        1     28.140  ...    91865.0         NaN    21
27       19        1     29.640  ...    93032.0         NaN    22
28       19        1     30.023  ...    94530.0         NaN    23
29        1        2      1.750  ...        NaN     99444.0     1
30        2        2      3.216  ...        NaN    101197.0     2
31        3        2      4.298  ...        NaN    102661.0     3
32        4        2      5.748  ...        NaN    103742.0     4
33        5        2      6.981  ...        NaN    105192.0     5
34        6        2      8.497  ...        NaN    106425.0     6
35        7        2      9.780  ...        NaN    107943.0     7
36        8        2     11.262  ...        NaN    109225.0     8
37        9        2     12.829  ...        NaN    110708.0     9
38       10        2     14.045  ...        NaN    112273.0    10
39       11        2     15.347  ...        NaN    113485.0    11
40       12        2     16.780  ...        NaN    114791.0    12
41       13        2     18.196  ...        NaN    116223.0    13
42       13        2     20.162  ...        NaN    117639.0    14
43       14        2     21.111  ...        NaN    119605.0    15
44       14        2     23.028  ...        NaN    120554.0    16
45       15        2     24.527  ...        NaN    122471.0    17
46       16        2     25.460  ...        NaN    123969.0    18
47       17        2     26.826  ...        NaN    124903.0    19
48       18        2     27.809  ...        NaN    126269.0    20
49       19        2     29.875  ...        NaN    127252.0    21
50       19        2     30.025  ...        NaN    129318.0    22

[45 rows x 27 columns]
block_c
1    0.826087
2    0.863636
Name: correct, dtype: float64
