QC passed for ./data/7022/processed/run-1/7022_PC_C.csv, generating plots...
DataFrame head:
   acc_sum  block_c  block_dur  ... time_test1  time_test2 trial
0        0        1        0.0  ...        NaN         NaN     1
1        1        1        0.0  ...        NaN         NaN     2
2        2        1        0.0  ...        NaN         NaN     3
3        3        1        0.0  ...        NaN         NaN     4
4        4        1        0.0  ...        NaN         NaN     5

[5 rows x 27 columns]
Filtered DataFrame (test):
    acc_sum  block_c  block_dur  ... time_test1  time_test2 trial
6         1        1      1.633  ...    61758.0         NaN     1
7         2        1      2.950  ...    63393.0         NaN     2
8         3        1      4.699  ...    64708.0         NaN     3
9         4        1      6.148  ...    66457.0         NaN     4
10        5        1      7.781  ...    67906.0         NaN     5
11        6        1      9.164  ...    69540.0         NaN     6
12        7        1     10.663  ...    70921.0         NaN     7
13        7        1     12.279  ...    72422.0         NaN     8
14        8        1     13.812  ...    74027.0         NaN     9
15        9        1     15.179  ...    75560.0         NaN    10
16       10        1     16.844  ...    76936.0         NaN    11
17       11        1     18.510  ...    78594.0         NaN    12
18       12        1     19.927  ...    80258.0         NaN    13
19       13        1     21.527  ...    81686.0         NaN    14
20       14        1     23.226  ...    83284.0         NaN    15
21       15        1     24.942  ...    84984.0         NaN    16
22       16        1     26.575  ...    86690.0         NaN    17
23       17        1     28.324  ...    88333.0         NaN    18
24       17        1     30.024  ...    90083.0         NaN    19
25        1        2      1.249  ...        NaN     95880.0     1
26        2        2      2.682  ...        NaN     97131.0     2
27        3        2      3.881  ...        NaN     98562.0     3
28        4        2      5.264  ...        NaN     99762.0     4
29        5        2      6.731  ...        NaN    101144.0     5
30        6        2      8.263  ...        NaN    102611.0     6
31        7        2      9.630  ...        NaN    104144.0     7
32        8        2     11.129  ...        NaN    105510.0     8
33        9        2     12.695  ...        NaN    107009.0     9
34       10        2     14.144  ...        NaN    108575.0    10
35       11        2     15.711  ...        NaN    110016.0    11
36       12        2     17.178  ...        NaN    111592.0    12
37       13        2     18.710  ...        NaN    113058.0    13
38       14        2     20.260  ...        NaN    114590.0    14
39       15        2     21.793  ...        NaN    116140.0    15
40       16        2     23.392  ...        NaN    117673.0    16
41       17        2     24.942  ...        NaN    119262.0    17
42       18        2     26.458  ...        NaN    120820.0    18
43       19        2     28.041  ...        NaN    122337.0    19
44       20        2     29.540  ...        NaN    123920.0    20
45       20        2     30.023  ...        NaN    125419.0    21

[40 rows x 27 columns]
block_c
1    0.894737
2    0.952381
Name: correct, dtype: float64
