QC passed for ./data/8002/processed/run-18/8002_PC_B.csv, generating plots...
DataFrame head:
   acc_sum  block_c  block_dur  ... time_test1  time_test2 trial
0        1        1        0.0  ...        NaN         NaN     1
1        1        1        0.0  ...        NaN         NaN     2
2        2        1        0.0  ...        NaN         NaN     3
3        3        1        0.0  ...        NaN         NaN     4
4        4        1        0.0  ...        NaN         NaN     5

[5 rows x 27 columns]
Filtered DataFrame (test):
    acc_sum  block_c  block_dur  ... time_test1  time_test2 trial
6         1        1      1.433  ...    73068.0         NaN     1
7         2        1      2.516  ...    74502.0         NaN     2
8         3        1      4.149  ...    75585.0         NaN     3
9         4        1      5.248  ...    77217.0         NaN     4
10        5        1      6.748  ...    78317.0         NaN     5
11        6        1      7.831  ...    79817.0         NaN     6
12        7        1      9.030  ...    80899.0         NaN     7
13        8        1     11.080  ...    82099.0         NaN     8
14        9        1     12.646  ...    84148.0         NaN     9
15       10        1     13.712  ...    85714.0         NaN    10
16       11        1     15.045  ...    86781.0         NaN    11
17       11        1     17.128  ...    88114.0         NaN    12
18       12        1     19.077  ...    90196.0         NaN    13
19       13        1     21.110  ...    92146.0         NaN    14
20       14        1     22.693  ...    94178.0         NaN    15
21       15        1     24.376  ...    95762.0         NaN    16
22       16        1     26.342  ...    97444.0         NaN    17
23       17        1     27.991  ...    99410.0         NaN    18
24       18        1     29.957  ...   101060.0         NaN    19
25       18        1     30.008  ...   103026.0         NaN    20
26        1        2      1.016  ...        NaN    111539.0     1
27        2        2      2.082  ...        NaN    112556.0     2
28        2        2      3.681  ...        NaN    113622.0     3
29        3        2      4.848  ...        NaN    115222.0     4
30        4        2      6.314  ...        NaN    116388.0     5
31        5        2      8.098  ...        NaN    117855.0     6
32        6        2      9.896  ...        NaN    119638.0     7
33        7        2     10.829  ...        NaN    121437.0     8
34        8        2     12.195  ...        NaN    122370.0     9
35        9        2     13.745  ...        NaN    123736.0    10
36       10        2     14.895  ...        NaN    125285.0    11
37       11        2     16.428  ...        NaN    126435.0    12
38       12        2     17.827  ...        NaN    127968.0    13
39       13        2     18.910  ...        NaN    129368.0    14
40       14        2     20.059  ...        NaN    130451.0    15
41       15        2     22.042  ...        NaN    131600.0    16
42       16        2     23.658  ...        NaN    133582.0    17
43       17        2     25.225  ...        NaN    135199.0    18
44       18        2     26.908  ...        NaN    136765.0    19
45       19        2     28.507  ...        NaN    138448.0    20
46       19        2     30.006  ...        NaN    140047.0    21

[41 rows x 27 columns]
block_c
1    0.900000
2    0.904762
Name: correct, dtype: float64
