QC passed for ./data/8003/processed/run-3/8003_PC_A.csv, generating plots...
DataFrame head:
   acc_sum  block_c  block_dur  ... time_test1  time_test2 trial
0        1        1        0.0  ...        NaN         NaN     1
1        2        1        0.0  ...        NaN         NaN     2
2        3        1        0.0  ...        NaN         NaN     3
3        4        1        0.0  ...        NaN         NaN     4
4        4        1        0.0  ...        NaN         NaN     5

[5 rows x 27 columns]
Filtered DataFrame (test):
    acc_sum  block_c  block_dur  ... time_test1  time_test2 trial
6         1        1      1.416  ...    76920.0         NaN     1
7         2        1      2.332  ...    78337.0         NaN     2
8         2        1      3.315  ...    79253.0         NaN     3
9         3        1      5.466  ...    80236.0         NaN     4
10        4        1      6.864  ...    82387.0         NaN     5
11        5        1      7.864  ...    83785.0         NaN     6
12        6        1      8.797  ...    84784.0         NaN     7
13        7        1     10.180  ...    85718.0         NaN     8
14        8        1     11.546  ...    87100.0         NaN     9
15        9        1     12.612  ...    88467.0         NaN    10
16       10        1     13.695  ...    89533.0         NaN    11
17       10        1     14.928  ...    90616.0         NaN    12
18       11        1     16.061  ...    91849.0         NaN    13
19       11        1     17.244  ...    92982.0         NaN    14
20       12        1     18.244  ...    94165.0         NaN    15
21       13        1     19.560  ...    95164.0         NaN    16
22       14        1     20.727  ...    96481.0         NaN    17
23       15        1     21.743  ...    97647.0         NaN    18
24       16        1     23.309  ...    98664.0         NaN    19
25       17        1     24.309  ...   100230.0         NaN    20
26       18        1     25.392  ...   101229.0         NaN    21
27       19        1     26.575  ...   102312.0         NaN    22
28       20        1     27.558  ...   103495.0         NaN    23
29       21        1     28.674  ...   104478.0         NaN    24
30       22        1     29.790  ...   105594.0         NaN    25
31       22        1     30.008  ...   106711.0         NaN    26
32        1        2      1.150  ...        NaN    118740.0     1
33        2        2      2.516  ...        NaN    119890.0     2
34        3        2      3.483  ...        NaN    121256.0     3
35        4        2      4.482  ...        NaN    122223.0     4
36        5        2      5.732  ...        NaN    123222.0     5
37        6        2      7.115  ...        NaN    124472.0     6
38        7        2      8.314  ...        NaN    125855.0     7
39        7        2      9.231  ...        NaN    127055.0     8
40        8        2     10.930  ...        NaN    127971.0     9
41        8        2     12.414  ...        NaN    129670.0    10
42        9        2     13.829  ...        NaN    131154.0    11
43       10        2     15.162  ...        NaN    132569.0    12
44       11        2     16.278  ...        NaN    133902.0    13
45       11        2     18.811  ...        NaN    135018.0    14
46       12        2     20.860  ...        NaN    137551.0    15
47       12        2     22.143  ...        NaN    139600.0    16
48       13        2     23.593  ...        NaN    140883.0    17
49       14        2     24.426  ...        NaN    142333.0    18
50       15        2     26.492  ...        NaN    143166.0    19
51       16        2     28.941  ...        NaN    145234.0    20
52       16        2     30.008  ...        NaN    147681.0    21

[47 rows x 27 columns]
block_c
1    0.846154
2    0.761905
Name: correct, dtype: float64
