QC passed for ./data/7035/processed/run-1/7035_PC_B.csv, generating plots...
DataFrame head:
   acc_sum  block_c  block_dur  ... time_test1  time_test2 trial
0        1        1        0.0  ...        NaN         NaN     1
1        2        1        0.0  ...        NaN         NaN     2
2        3        1        0.0  ...        NaN         NaN     3
3        3        1        0.0  ...        NaN         NaN     4
4        4        1        0.0  ...        NaN         NaN     5

[5 rows x 27 columns]
Filtered DataFrame (test):
    acc_sum  block_c  block_dur  ... time_test1  time_test2 trial
6         1        1      1.916  ...    58892.0         NaN     1
7         2        1      3.032  ...    60811.0         NaN     2
8         3        1      4.232  ...    61926.0         NaN     3
9         4        1      5.165  ...    63125.0         NaN     4
10        5        1      6.181  ...    64057.0         NaN     5
11        6        1      7.331  ...    65075.0         NaN     6
12        7        1      8.264  ...    66223.0         NaN     7
13        7        1      9.263  ...    67157.0         NaN     8
14        8        1     10.147  ...    68155.0         NaN     9
15        9        1     11.129  ...    69040.0         NaN    10
16       10        1     12.195  ...    70022.0         NaN    11
17       11        1     13.779  ...    71084.0         NaN    12
18       12        1     15.278  ...    72672.0         NaN    13
19       13        1     16.578  ...    74171.0         NaN    14
20       14        1     17.544  ...    75470.0         NaN    15
21       15        1     18.394  ...    76437.0         NaN    16
22       16        1     19.443  ...    77286.0         NaN    17
23       17        1     20.443  ...    78336.0         NaN    18
24       18        1     21.576  ...    79336.0         NaN    19
25       19        1     22.876  ...    80468.0         NaN    20
26       20        1     23.858  ...    81768.0         NaN    21
27       21        1     24.842  ...    82751.0         NaN    22
28       22        1     25.791  ...    83737.0         NaN    23
29       23        1     26.658  ...    84683.0         NaN    24
30       24        1     27.740  ...    85552.0         NaN    25
31       25        1     28.574  ...    86634.0         NaN    26
32       25        1     30.023  ...    87465.0         NaN    27
33        1        2      1.649  ...        NaN     93613.0     1
34        2        2      2.749  ...        NaN     95265.0     2
35        3        2      3.915  ...        NaN     96363.0     3
36        4        2      4.731  ...        NaN     97528.0     4
37        5        2      5.648  ...        NaN     98346.0     5
38        6        2      6.614  ...        NaN     99262.0     6
39        7        2      7.564  ...        NaN    100229.0     7
40        8        2      8.613  ...        NaN    101179.0     8
41        9        2      9.580  ...        NaN    102228.0     9
42       10        2     10.496  ...        NaN    103193.0    10
43       11        2     11.246  ...        NaN    104110.0    11
44       11        2     12.679  ...        NaN    104860.0    12
45       12        2     13.961  ...        NaN    106293.0    13
46       13        2     15.278  ...        NaN    107575.0    14
47       14        2     16.061  ...        NaN    108892.0    15
48       14        2     17.061  ...        NaN    109675.0    16
49       15        2     18.244  ...        NaN    110689.0    17
50       16        2     19.477  ...        NaN    111857.0    18
51       17        2     20.443  ...        NaN    113090.0    19
52       18        2     21.343  ...        NaN    114056.0    20
53       19        2     22.726  ...        NaN    114956.0    21
54       20        2     23.809  ...        NaN    116340.0    22
55       21        2     25.025  ...        NaN    117423.0    23
56       22        2     25.825  ...        NaN    118639.0    24
57       23        2     26.958  ...        NaN    119438.0    25
58       23        2     28.208  ...        NaN    120571.0    26
59       23        2     29.056  ...        NaN    121821.0    27
60       23        2     30.007  ...        NaN    122660.0    28

[55 rows x 27 columns]
block_c
1    0.925926
2    0.821429
Name: correct, dtype: float64
