QC passed for ./data/8004/processed/run-18/8004_PC_C.csv, generating plots...
DataFrame head:
   acc_sum  block_c  block_dur  ... time_test1  time_test2 trial
0        1        1        0.0  ...        NaN         NaN     1
1        2        1        0.0  ...        NaN         NaN     2
2        3        1        0.0  ...        NaN         NaN     3
3        4        1        0.0  ...        NaN         NaN     4
4        5        1        0.0  ...        NaN         NaN     5

[5 rows x 27 columns]
Filtered DataFrame (test):
    acc_sum  block_c  block_dur  ... time_test1  time_test2 trial
6         1        1      1.649  ...    65781.0         NaN     1
7         2        1      2.582  ...    67431.0         NaN     2
8         3        1      3.815  ...    68364.0         NaN     3
9         4        1      5.064  ...    69597.0         NaN     4
10        5        1      6.464  ...    70846.0         NaN     5
11        6        1      8.080  ...    72246.0         NaN     6
12        7        1      9.096  ...    73862.0         NaN     7
13        8        1     10.529  ...    74878.0         NaN     8
14        9        1     11.496  ...    76311.0         NaN     9
15       10        1     12.630  ...    77277.0         NaN    10
16       11        1     13.896  ...    78412.0         NaN    11
17       12        1     15.611  ...    79678.0         NaN    12
18       13        1     16.977  ...    81393.0         NaN    13
19       14        1     18.210  ...    82759.0         NaN    14
20       15        1     19.193  ...    83992.0         NaN    15
21       16        1     20.210  ...    84975.0         NaN    16
22       17        1     21.543  ...    85991.0         NaN    17
23       18        1     22.727  ...    87324.0         NaN    18
24       18        1     24.325  ...    88509.0         NaN    19
25       19        1     25.442  ...    90107.0         NaN    20
26       20        1     26.358  ...    91223.0         NaN    21
27       21        1     27.724  ...    92140.0         NaN    22
28       22        1     28.957  ...    93506.0         NaN    23
29       23        1     29.973  ...    94738.0         NaN    24
30       23        1     30.007  ...    95755.0         NaN    25
31        1        2      1.068  ...        NaN     99586.0     1
32        2        2      2.400  ...        NaN    100655.0     2
33        3        2      3.333  ...        NaN    101986.0     3
34        4        2      4.333  ...        NaN    102919.0     4
35        5        2      5.308  ...        NaN    103919.0     5
36        6        2      6.732  ...        NaN    104894.0     6
37        7        2      8.131  ...        NaN    106319.0     7
38        8        2      9.314  ...        NaN    107718.0     8
39        9        2     10.630  ...        NaN    108901.0     9
40       10        2     11.580  ...        NaN    110217.0    10
41       11        2     12.780  ...        NaN    111167.0    11
42       12        2     14.296  ...        NaN    112366.0    12
43       13        2     15.345  ...        NaN    113886.0    13
44       13        2     16.878  ...        NaN    114932.0    14
45       14        2     18.244  ...        NaN    116465.0    15
46       15        2     19.610  ...        NaN    117832.0    16
47       16        2     20.877  ...        NaN    119198.0    17
48       17        2     21.893  ...        NaN    120464.0    18
49       18        2     23.326  ...        NaN    121480.0    19
50       19        2     24.475  ...        NaN    122913.0    20
51       20        2     26.142  ...        NaN    124063.0    21
52       21        2     27.724  ...        NaN    125729.0    22
53       21        2     30.007  ...        NaN    127312.0    23

[48 rows x 27 columns]
block_c
1    0.920000
2    0.913043
Name: correct, dtype: float64
