QC passed for ./data/8005/processed/run-20/8005_PC_B.csv, generating plots...
DataFrame head:
   acc_sum  block_c  block_dur  ... time_test1  time_test2 trial
0        1        1        0.0  ...        NaN         NaN     1
1        2        1        0.0  ...        NaN         NaN     2
2        3        1        0.0  ...        NaN         NaN     3
3        4        1        0.0  ...        NaN         NaN     4
4        5        1        0.0  ...        NaN         NaN     5

[5 rows x 27 columns]
Filtered DataFrame (test):
    acc_sum  block_c  block_dur  ... time_test1  time_test2 trial
6         1        1      1.183  ...    60164.0         NaN     1
7         2        1      1.983  ...    61349.0         NaN     2
8         3        1      2.966  ...    62148.0         NaN     3
9         4        1      3.882  ...    63131.0         NaN     4
10        5        1      5.382  ...    64047.0         NaN     5
11        6        1      6.232  ...    65547.0         NaN     6
12        7        1      7.081  ...    66397.0         NaN     7
13        8        1      8.781  ...    67247.0         NaN     8
14        9        1      9.764  ...    68946.0         NaN     9
15       10        1     10.713  ...    69929.0         NaN    10
16       11        1     11.563  ...    70878.0         NaN    11
17       12        1     12.913  ...    71728.0         NaN    12
18       13        1     13.829  ...    73078.0         NaN    13
19       14        1     14.912  ...    73994.0         NaN    14
20       15        1     16.362  ...    75077.0         NaN    15
21       16        1     17.211  ...    76527.0         NaN    16
22       17        1     18.578  ...    77376.0         NaN    17
23       18        1     19.527  ...    78743.0         NaN    18
24       19        1     21.143  ...    79693.0         NaN    19
25       20        1     22.472  ...    81308.0         NaN    20
26       21        1     23.326  ...    82637.0         NaN    21
27       22        1     24.876  ...    83491.0         NaN    22
28       23        1     25.759  ...    85041.0         NaN    23
29       24        1     26.742  ...    85925.0         NaN    24
30       25        1     27.625  ...    86907.0         NaN    25
31       26        1     28.325  ...    87790.0         NaN    26
32       27        1     29.374  ...    88489.0         NaN    27
33       27        1     30.007  ...    89539.0         NaN    28
34        1        2      2.199  ...        NaN     91988.0     1
35        2        2      3.065  ...        NaN     94188.0     2
36        3        2      4.115  ...        NaN     95054.0     3
37        4        2      4.848  ...        NaN     96104.0     4
38        5        2      6.631  ...        NaN     96836.0     5
39        6        2      8.647  ...        NaN     98619.0     6
40        7        2      9.896  ...        NaN    100636.0     7
41        8        2     10.846  ...        NaN    101886.0     8
42        9        2     12.295  ...        NaN    102835.0     9
43       10        2     13.195  ...        NaN    104284.0    10
44       11        2     14.161  ...        NaN    105184.0    11
45       12        2     16.611  ...        NaN    106150.0    12
46       13        2     18.077  ...        NaN    108600.0    13
47       14        2     19.393  ...        NaN    110066.0    14
48       15        2     20.209  ...        NaN    111383.0    15
49       16        2     21.359  ...        NaN    112199.0    16
50       17        2     22.592  ...        NaN    113348.0    17
51       18        2     23.358  ...        NaN    114581.0    18
52       19        2     24.491  ...        NaN    115348.0    19
53       20        2     25.574  ...        NaN    116481.0    20
54       21        2     27.324  ...        NaN    117564.0    21
55       22        2     28.323  ...        NaN    119313.0    22
56       22        2     30.006  ...        NaN    120313.0    23

[51 rows x 27 columns]
block_c
1    0.964286
2    0.956522
Name: correct, dtype: float64
