QC passed for ./data/7024/processed/run-3/7024_PC_C.csv, generating plots...
DataFrame head:
   acc_sum  block_c  block_dur  ... time_test1  time_test2 trial
0        1        1        0.0  ...        NaN         NaN     1
1        2        1        0.0  ...        NaN         NaN     2
2        3        1        0.0  ...        NaN         NaN     3
3        4        1        0.0  ...        NaN         NaN     4
4        5        1        0.0  ...        NaN         NaN     5

[5 rows x 27 columns]
Filtered DataFrame (test):
    acc_sum  block_c  block_dur  ... time_test1  time_test2 trial
6         1        1      1.683  ...    70702.0         NaN     1
7         2        1      2.749  ...    72386.0         NaN     2
8         3        1      4.415  ...    73452.0         NaN     3
9         4        1      5.665  ...    75118.0         NaN     4
10        5        1      7.014  ...    76367.0         NaN     5
11        6        1      7.899  ...    77718.0         NaN     6
12        7        1      8.864  ...    78605.0         NaN     7
13        8        1     10.730  ...    79567.0         NaN     8
14        9        1     11.979  ...    81433.0         NaN     9
15       10        1     13.163  ...    82682.0         NaN    10
16       11        1     14.245  ...    83865.0         NaN    11
17       12        1     15.663  ...    84948.0         NaN    12
18       13        1     16.878  ...    86366.0         NaN    13
19       14        1     18.262  ...    87581.0         NaN    14
20       15        1     19.577  ...    88965.0         NaN    15
21       16        1     20.527  ...    90280.0         NaN    16
22       17        1     21.826  ...    91229.0         NaN    17
23       18        1     23.009  ...    92529.0         NaN    18
24       19        1     24.526  ...    93713.0         NaN    19
25       20        1     25.893  ...    95228.0         NaN    20
26       21        1     27.058  ...    96595.0         NaN    21
27       22        1     28.408  ...    97761.0         NaN    22
28       23        1     29.574  ...    99111.0         NaN    23
29       23        1     30.008  ...   100277.0         NaN    24
30        1        2      2.198  ...        NaN    103059.0     1
31        2        2      3.315  ...        NaN    105258.0     2
32        3        2      4.248  ...        NaN    106374.0     3
33        4        2      5.281  ...        NaN    107307.0     4
34        5        2      6.498  ...        NaN    108341.0     5
35        6        2      7.614  ...        NaN    109558.0     6
36        7        2      9.080  ...        NaN    110674.0     7
37        8        2     10.096  ...        NaN    112140.0     8
38        9        2     11.512  ...        NaN    113156.0     9
39       10        2     12.628  ...        NaN    114572.0    10
40       11        2     13.461  ...        NaN    115689.0    11
41       12        2     14.811  ...        NaN    116522.0    12
42       13        2     15.861  ...        NaN    117871.0    13
43       14        2     16.877  ...        NaN    118921.0    14
44       15        2     17.795  ...        NaN    119937.0    15
45       16        2     19.093  ...        NaN    120855.0    16
46       17        2     20.127  ...        NaN    122153.0    17
47       18        2     21.559  ...        NaN    123187.0    18
48       19        2     22.608  ...        NaN    124619.0    19
49       20        2     23.741  ...        NaN    125669.0    20
50       21        2     25.274  ...        NaN    126802.0    21
51       22        2     26.524  ...        NaN    128335.0    22
52       23        2     28.357  ...        NaN    129584.0    23
53       24        2     29.373  ...        NaN    131417.0    24
54       24        2     30.006  ...        NaN    132434.0    25

[49 rows x 27 columns]
block_c
1    0.958333
2    0.960000
Name: correct, dtype: float64
