QC passed for ./data/7023/processed/run-25/7023_PC_A.csv, generating plots...
DataFrame head:
   acc_sum  block_c  block_dur  ... time_test1  time_test2 trial
0        1        1        0.0  ...        NaN         NaN     1
1        2        1        0.0  ...        NaN         NaN     2
2        3        1        0.0  ...        NaN         NaN     3
3        4        1        0.0  ...        NaN         NaN     4
4        5        1        0.0  ...        NaN         NaN     5

[5 rows x 27 columns]
Filtered DataFrame (test):
    acc_sum  block_c  block_dur  ... time_test1  time_test2 trial
6         1        1      2.516  ...    52948.0         NaN     1
7         2        1      3.981  ...    55465.0         NaN     2
8         3        1      6.097  ...    56920.0         NaN     3
9         4        1      7.581  ...    59037.0         NaN     4
10        5        1      9.647  ...    60529.0         NaN     5
11        6        1     11.030  ...    62596.0         NaN     6
12        7        1     12.379  ...    63978.0         NaN     7
13        8        1     14.179  ...    65321.0         NaN     8
14        9        1     15.861  ...    67127.0         NaN     9
15       10        1     17.210  ...    68810.0         NaN    10
16       11        1     18.944  ...    70149.0         NaN    11
17       12        1     20.943  ...    71892.0         NaN    12
18       13        1     22.559  ...    73882.0         NaN    13
19       14        1     24.092  ...    75508.0         NaN    14
20       14        1     25.942  ...    77040.0         NaN    15
21       15        1     27.691  ...    78890.0         NaN    16
22       15        1     29.090  ...    80638.0         NaN    17
23       15        1     30.024  ...    82039.0         NaN    18
24        1        2      2.166  ...        NaN     86353.0     1
25        2        2      4.165  ...        NaN     88521.0     2
26        3        2      6.281  ...        NaN     90522.0     3
27        4        2      8.030  ...        NaN     92636.0     4
28        5        2      9.497  ...        NaN     94385.0     5
29        6        2     11.595  ...        NaN     95849.0     6
30        7        2     12.929  ...        NaN     97942.0     7
31        8        2     14.328  ...        NaN     99283.0     8
32        8        2     16.028  ...        NaN    100681.0     9
33        9        2     17.594  ...        NaN    102381.0    10
34       10        2     18.844  ...        NaN    103948.0    11
35       11        2     20.293  ...        NaN    105198.0    12
36       12        2     21.569  ...        NaN    106646.0    13
37       13        2     23.042  ...        NaN    107916.0    14
38       14        2     24.425  ...        NaN    109389.0    15
39       15        2     26.008  ...        NaN    110779.0    16
40       15        2     27.191  ...        NaN    112361.0    17
41       15        2     28.341  ...        NaN    113544.0    18
42       15        2     30.024  ...        NaN    114693.0    19

[37 rows x 27 columns]
block_c
1    0.833333
2    0.789474
Name: correct, dtype: float64
