QC passed for ./data/9999/processed/run-1/9999_PC_C.csv, generating plots...
DataFrame head:
   acc_sum  block_c  block_dur  ... time_test1  time_test2 trial
0        1        1        0.0  ...        NaN         NaN     1
1        2        1        0.0  ...        NaN         NaN     2
2        3        1        0.0  ...        NaN         NaN     3
3        4        1        0.0  ...        NaN         NaN     4
4        5        1        0.0  ...        NaN         NaN     5

[5 rows x 27 columns]
Filtered DataFrame (test):
    acc_sum  block_c  block_dur  ... time_test1  time_test2 trial
6         0        1      1.716  ...   107586.0         NaN     1
7         1        1      2.932  ...   109293.0         NaN     2
8         2        1      3.898  ...   110509.0         NaN     3
9         3        1      4.765  ...   111475.0         NaN     4
10        4        1      5.564  ...   112341.0         NaN     5
11        5        1      6.164  ...   113141.0         NaN     6
12        6        1      6.797  ...   113730.0         NaN     7
13        7        1      7.514  ...   114374.0         NaN     8
14        8        1      8.213  ...   115089.0         NaN     9
15        9        1      8.830  ...   115790.0         NaN    10
16       10        1     10.614  ...   116405.0         NaN    11
17       11        1     11.596  ...   118192.0         NaN    12
18       12        1     12.846  ...   119173.0         NaN    13
19       13        1     14.312  ...   120422.0         NaN    14
20       14        1     15.195  ...   121886.0         NaN    15
21       15        1     16.145  ...   122771.0         NaN    16
22       16        1     17.128  ...   123719.0         NaN    17
23       17        1     18.094  ...   124703.0         NaN    18
24       18        1     19.044  ...   125669.0         NaN    19
25       19        1     19.881  ...   126619.0         NaN    20
26       20        1     20.843  ...   127450.0         NaN    21
27       21        1     21.826  ...   128418.0         NaN    22
28       22        1     22.676  ...   129402.0         NaN    23
29       23        1     23.892  ...   130250.0         NaN    24
30       24        1     24.725  ...   131468.0         NaN    25
31       25        1     25.991  ...   132301.0         NaN    26
32       26        1     27.258  ...   133567.0         NaN    27
33       27        1     28.757  ...   134832.0         NaN    28
34       28        1     29.923  ...   136333.0         NaN    29
35       28        1     30.025  ...   137498.0         NaN    30
36        1        2      1.083  ...        NaN    151445.0     1
37        2        2      2.116  ...        NaN    152528.0     2
38        3        2      2.866  ...        NaN    153560.0     3
39        4        2      4.132  ...        NaN    154309.0     4
40        5        2      4.898  ...        NaN    155576.0     5
41        6        2      5.731  ...        NaN    156342.0     6
42        7        2      6.564  ...        NaN    157175.0     7
43        8        2      7.281  ...        NaN    158006.0     8
44        9        2      8.064  ...        NaN    158724.0     9
45       10        2      8.797  ...        NaN    159507.0    10
46       11        2      9.580  ...        NaN    160241.0    11
47       12        2     10.513  ...        NaN    161024.0    12
48       13        2     11.146  ...        NaN    161957.0    13
49       14        2     12.746  ...        NaN    162591.0    14
50       15        2     13.512  ...        NaN    164190.0    15
51       16        2     14.345  ...        NaN    164957.0    16
52       17        2     15.028  ...        NaN    165788.0    17
53       18        2     15.811  ...        NaN    166471.0    18
54       19        2     16.661  ...        NaN    167254.0    19
55       20        2     17.544  ...        NaN    168104.0    20
56       21        2     18.527  ...        NaN    168987.0    21
57       22        2     19.260  ...        NaN    169964.0    22
58       23        2     20.293  ...        NaN    170698.0    23
59       24        2     21.343  ...        NaN    171729.0    24
60       25        2     22.709  ...        NaN    172787.0    25
61       25        2     23.759  ...        NaN    174153.0    26
62       26        2     24.458  ...        NaN    175203.0    27
63       26        2     25.424  ...        NaN    175902.0    28
64       26        2     26.191  ...        NaN    176861.0    29
65       26        2     27.008  ...        NaN    177636.0    30

[60 rows x 27 columns]
block_c
1    0.933333
2    0.866667
Name: correct, dtype: float64
